#
# There is insufficient memory for the Java Runtime Environment to continue.
# Native memory allocation (malloc) failed to allocate 999856 bytes for Chunk::new
# Possible reasons:
#   The system is out of physical RAM or swap space
#   The process is running with CompressedOops enabled, and the Java Heap may be blocking the growth of the native heap
# Possible solutions:
#   Reduce memory load on the system
#   Increase physical memory or swap space
#   Check if swap backing store is full
#   Decrease Java heap size (-Xmx/-Xms)
#   Decrease number of Java threads
#   Decrease Java thread stack sizes (-Xss)
#   Set larger code cache with -XX:ReservedCodeCacheSize=
#   JVM is running with Unscaled Compressed Oops mode in which the Java heap is
#     placed in the first 4GB address space. The Java Heap base address is the
#     maximum limit for the native heap growth. Please use -XX:HeapBaseMinAddress
#     to set the Java Heap base and to place the Java Heap above 4GB virtual address.
# This output file may be truncated or incomplete.
#
#  Out of Memory Error (./src/hotspot/share/memory/arena.cpp:197), pid=2868, tid=53040
#
# JRE version: OpenJDK Runtime Environment (11.0.13) (build 11.0.13+0-b1751.21-8125866)
# Java VM: OpenJDK 64-Bit Server VM (11.0.13+0-b1751.21-8125866, mixed mode, tiered, compressed oops, g1 gc, windows-amd64)
# No core dump will be written. Minidumps are not enabled by default on client versions of Windows
#

---------------  S U M M A R Y ------------

Command Line: --add-opens=java.base/java.util=ALL-UNNAMED --add-opens=java.base/java.lang=ALL-UNNAMED --add-opens=java.base/java.lang.invoke=ALL-UNNAMED --add-opens=java.base/java.util=ALL-UNNAMED --add-opens=java.prefs/java.util.prefs=ALL-UNNAMED --add-opens=java.prefs/java.util.prefs=ALL-UNNAMED --add-opens=java.base/java.nio.charset=ALL-UNNAMED --add-opens=java.base/java.net=ALL-UNNAMED --add-opens=java.base/java.util.concurrent.atomic=ALL-UNNAMED -Xmx2048m -Dfile.encoding=UTF-8 -Duser.country=US -Duser.language=en -Duser.variant org.gradle.launcher.daemon.bootstrap.GradleDaemon 7.5

Host: Intel(R) Core(TM) i7-10510U CPU @ 1.80GHz, 8 cores, 15G,  Windows 11 , 64 bit Build 22000 (10.0.22000.708)
Time: Mon Oct 17 10:26:40 2022 Pakistan Standard Time elapsed time: 42.013035 seconds (0d 0h 0m 42s)

---------------  T H R E A D  ---------------

Current thread (0x000001e8dd03a800):  JavaThread "C2 CompilerThread0" daemon [_thread_in_native, id=53040, stack(0x0000006b60c00000,0x0000006b60d00000)]


Current CompileTask:
C2:  42013 11926       4       java.lang.reflect.AccessibleObject::checkAccess (40 bytes)

Stack: [0x0000006b60c00000,0x0000006b60d00000]
Native frames: (J=compiled Java code, j=interpreted, Vv=VM code, C=native code)
V  [jvm.dll+0x6100fa]
V  [jvm.dll+0x747090]
V  [jvm.dll+0x7486ad]
V  [jvm.dll+0x748d83]
V  [jvm.dll+0x24ab48]
V  [jvm.dll+0xc04dc]
V  [jvm.dll+0xc0a0c]
V  [jvm.dll+0x35eb5b]
V  [jvm.dll+0x19d7bc]
V  [jvm.dll+0x2033be]
V  [jvm.dll+0x202437]
V  [jvm.dll+0x188e01]
V  [jvm.dll+0x21106b]
V  [jvm.dll+0x20f8c1]
V  [jvm.dll+0x70de0f]
V  [jvm.dll+0x706a75]
V  [jvm.dll+0x60ed66]
C  [ucrtbase.dll+0x26c0c]
C  [KERNEL32.DLL+0x154e0]
C  [ntdll.dll+0x485b]


---------------  P R O C E S S  ---------------

Threads class SMR info:
_java_thread_list=0x000001e8df8d0240, length=135, elements={
0x000001e8c22cf000, 0x000001e8dcfcf800, 0x000001e8dcfda800, 0x000001e8dd032800,
0x000001e8dd035800, 0x000001e8dd038800, 0x000001e8dd03a800, 0x000001e8dd089800,
0x000001e8dd099000, 0x000001e8dd197000, 0x000001e8df3cd800, 0x000001e8de1e3800,
0x000001e8df160800, 0x000001e8debf0800, 0x000001e8dfc8d800, 0x000001e8def84800,
0x000001e8deff2000, 0x000001e8df825000, 0x000001e8de5fb000, 0x000001e8de5fc000,
0x000001e8dd2da000, 0x000001e8dd2d4800, 0x000001e8dd2d7000, 0x000001e8dd2d5800,
0x000001e8dd2d6000, 0x000001e8dd2d8000, 0x000001e8dd2d8800, 0x000001e8dd2d9800,
0x000001e8dd2db000, 0x000001e8e0556800, 0x000001e8e0557800, 0x000001e8e0559000,
0x000001e8e0558800, 0x000001e8e055a000, 0x000001e8e0554800, 0x000001e8e0555000,
0x000001e8e055f800, 0x000001e8e0560800, 0x000001e8e055c800, 0x000001e8e055d800,
0x000001e8e055e000, 0x000001e8e055b000, 0x000001e8e0561800, 0x000001e8e055b800,
0x000001e8e0562000, 0x000001e8e0563000, 0x000001e8dfaf5000, 0x000001e8dfaef800,
0x000001e8dfaf2800, 0x000001e8dfaf6000, 0x000001e8dfaf4000, 0x000001e8dfaf1000,
0x000001e8dfaf3800, 0x000001e8dfaf1800, 0x000001e8dfaf0000, 0x000001e8dfaf9000,
0x000001e8dfafa000, 0x000001e8dfafa800, 0x000001e8dfafb800, 0x000001e8dfafc800,
0x000001e8dfaf6800, 0x000001e8dfafd000, 0x000001e8dfaf7800, 0x000001e8dfafe000,
0x000001e8dfaf8000, 0x000001e8dd634000, 0x000001e8dd635000, 0x000001e8dd630800,
0x000001e8dd630000, 0x000001e8dd62f000, 0x000001e8dd632800, 0x000001e8dd633000,
0x000001e8dd635800, 0x000001e8dd636800, 0x000001e8dd637000, 0x000001e8dd631800,
0x000001e8dd639000, 0x000001e8dd639800, 0x000001e8dd63e000, 0x000001e8dd638000,
0x000001e8dd63a800, 0x000001e8dd63b800, 0x000001e8dd63c000, 0x000001e8dd63d000,
0x000001e8dfbfd000, 0x000001e8dfbfe000, 0x000001e8dfc01000, 0x000001e8dfc00800,
0x000001e8dfbfc000, 0x000001e8dfbff800, 0x000001e8dfbfe800, 0x000001e8dfbfb800,
0x000001e8dfc06000, 0x000001e8dfc07000, 0x000001e8dfc04800, 0x000001e8dfc03800,
0x000001e8dfc07800, 0x000001e8dfc02000, 0x000001e8dfc05000, 0x000001e8dfc08800,
0x000001e8dfc03000, 0x000001e8dfc0a000, 0x000001e8dfc09800, 0x000001e8ddaab000,
0x000001e8ddaab800, 0x000001e8ddaac800, 0x000001e8ddab3000, 0x000001e8ddaad800,
0x000001e8ddab0800, 0x000001e8ddab1800, 0x000001e8ddab2000, 0x000001e8ddaae000,
0x000001e8ddab4000, 0x000001e8ddab4800, 0x000001e8ddaaf000, 0x000001e8ddab5800,
0x000001e8ddab0000, 0x000001e8ddab9000, 0x000001e8ddab6800, 0x000001e8ddab7000,
0x000001e8ddab8000, 0x000001e8e442f800, 0x000001e8e4436000, 0x000001e8e4430800,
0x000001e8e4433000, 0x000001e8e4437000, 0x000001e8e4435800, 0x000001e8e4432000,
0x000001e8e4434800, 0x000001e8e4431000, 0x000001e8e4433800, 0x000001e8e443c000,
0x000001e8e5ea3000, 0x000001e8e443c800, 0x000001e8e0180000
}

Java Threads: ( => current thread )
  0x000001e8c22cf000 JavaThread "main" [_thread_blocked, id=17220, stack(0x0000006b5ff00000,0x0000006b60000000)]
  0x000001e8dcfcf800 JavaThread "Reference Handler" daemon [_thread_blocked, id=36304, stack(0x0000006b60700000,0x0000006b60800000)]
  0x000001e8dcfda800 JavaThread "Finalizer" daemon [_thread_blocked, id=38876, stack(0x0000006b60800000,0x0000006b60900000)]
  0x000001e8dd032800 JavaThread "Signal Dispatcher" daemon [_thread_blocked, id=33044, stack(0x0000006b60900000,0x0000006b60a00000)]
  0x000001e8dd035800 JavaThread "Attach Listener" daemon [_thread_blocked, id=10728, stack(0x0000006b60a00000,0x0000006b60b00000)]
  0x000001e8dd038800 JavaThread "Service Thread" daemon [_thread_blocked, id=37396, stack(0x0000006b60b00000,0x0000006b60c00000)]
=>0x000001e8dd03a800 JavaThread "C2 CompilerThread0" daemon [_thread_in_native, id=53040, stack(0x0000006b60c00000,0x0000006b60d00000)]
  0x000001e8dd089800 JavaThread "C1 CompilerThread0" daemon [_thread_blocked, id=31976, stack(0x0000006b60d00000,0x0000006b60e00000)]
  0x000001e8dd099000 JavaThread "Sweeper thread" daemon [_thread_blocked, id=19948, stack(0x0000006b60e00000,0x0000006b60f00000)]
  0x000001e8dd197000 JavaThread "Common-Cleaner" daemon [_thread_blocked, id=3784, stack(0x0000006b60f00000,0x0000006b61000000)]
  0x000001e8df3cd800 JavaThread "Daemon health stats" [_thread_blocked, id=9736, stack(0x0000006b61700000,0x0000006b61800000)]
  0x000001e8de1e3800 JavaThread "Incoming local TCP Connector on port 53698" [_thread_in_native, id=17156, stack(0x0000006b61100000,0x0000006b61200000)]
  0x000001e8df160800 JavaThread "Daemon periodic checks" [_thread_blocked, id=47444, stack(0x0000006b61600000,0x0000006b61700000)]
  0x000001e8debf0800 JavaThread "Daemon" [_thread_blocked, id=21288, stack(0x0000006b61800000,0x0000006b61900000)]
  0x000001e8dfc8d800 JavaThread "Handler for socket connection from /127.0.0.1:53698 to /127.0.0.1:53699" [_thread_in_native, id=25708, stack(0x0000006b61900000,0x0000006b61a00000)]
  0x000001e8def84800 JavaThread "Cancel handler" [_thread_blocked, id=4024, stack(0x0000006b61a00000,0x0000006b61b00000)]
  0x000001e8deff2000 JavaThread "Daemon worker" [_thread_blocked, id=40036, stack(0x0000006b61b00000,0x0000006b61c00000)]
  0x000001e8df825000 JavaThread "Asynchronous log dispatcher for DefaultDaemonConnection: socket connection from /127.0.0.1:53698 to /127.0.0.1:53699" [_thread_blocked, id=26036, stack(0x0000006b61c00000,0x0000006b61d00000)]
  0x000001e8de5fb000 JavaThread "Stdin handler" [_thread_blocked, id=46488, stack(0x0000006b61d00000,0x0000006b61e00000)]
  0x000001e8de5fc000 JavaThread "Daemon client event forwarder" [_thread_blocked, id=23820, stack(0x0000006b61e00000,0x0000006b61f00000)]
  0x000001e8dd2da000 JavaThread "Cache worker for journal cache (C:\Users\Rehan\.gradle\caches\journal-1)" [_thread_blocked, id=18952, stack(0x0000006b61f00000,0x0000006b62000000)]
  0x000001e8dd2d4800 JavaThread "File lock request listener" [_thread_in_native, id=46332, stack(0x0000006b62000000,0x0000006b62100000)]
  0x000001e8dd2d7000 JavaThread "Cache worker for file hash cache (C:\Users\Rehan\.gradle\caches\7.5\fileHashes)" [_thread_in_Java, id=31508, stack(0x0000006b62100000,0x0000006b62200000)]
  0x000001e8dd2d5800 JavaThread "File watcher server" daemon [_thread_in_native, id=32980, stack(0x0000006b62900000,0x0000006b62a00000)]
  0x000001e8dd2d6000 JavaThread "File watcher consumer" daemon [_thread_blocked, id=5276, stack(0x0000006b62a00000,0x0000006b62b00000)]
  0x000001e8dd2d8000 JavaThread "Cache worker for checksums cache (D:\HollyD\AndroidStudioProjects\favor\.gradle\7.5\checksums)" [_thread_blocked, id=19544, stack(0x0000006b62800000,0x0000006b62900000)]
  0x000001e8dd2d8800 JavaThread "Cache worker for cache directory md-rule (C:\Users\Rehan\.gradle\caches\7.5\md-rule)" [_thread_blocked, id=33148, stack(0x0000006b62b00000,0x0000006b62c00000)]
  0x000001e8dd2d9800 JavaThread "Cache worker for file content cache (C:\Users\Rehan\.gradle\caches\7.5\fileContent)" [_thread_blocked, id=41520, stack(0x0000006b62c00000,0x0000006b62d00000)]
  0x000001e8dd2db000 JavaThread "Cache worker for file hash cache (D:\HollyD\AndroidStudioProjects\favor\.gradle\7.5\fileHashes)" [_thread_blocked, id=24928, stack(0x0000006b62700000,0x0000006b62800000)]
  0x000001e8e0556800 JavaThread "Cache worker for cache directory md-supplier (C:\Users\Rehan\.gradle\caches\7.5\md-supplier)" [_thread_blocked, id=856, stack(0x0000006b62d00000,0x0000006b62e00000)]
  0x000001e8e0557800 JavaThread "Cache worker for execution history cache (C:\Users\Rehan\.gradle\caches\7.5\executionHistory)" [_thread_blocked, id=39620, stack(0x0000006b62e00000,0x0000006b62f00000)]
  0x000001e8e0559000 JavaThread "jar transforms" [_thread_blocked, id=35428, stack(0x0000006b63100000,0x0000006b63200000)]
  0x000001e8e0558800 JavaThread "jar transforms Thread 2" [_thread_blocked, id=43712, stack(0x0000006b62f00000,0x0000006b63000000)]
  0x000001e8e055a000 JavaThread "Cache worker for dependencies-accessors (D:\HollyD\AndroidStudioProjects\favor\.gradle\7.5\dependencies-accessors)" [_thread_blocked, id=52388, stack(0x0000006b63200000,0x0000006b63300000)]
  0x000001e8e0554800 JavaThread "jar transforms Thread 3" [_thread_blocked, id=10468, stack(0x0000006b63300000,0x0000006b63400000)]
  0x000001e8e0555000 JavaThread "Cache worker for Build Output Cleanup Cache (D:\HollyD\AndroidStudioProjects\favor\.gradle\buildOutputCleanup)" [_thread_blocked, id=46656, stack(0x0000006b63400000,0x0000006b63500000)]
  0x000001e8e055f800 JavaThread "Unconstrained build operations" [_thread_blocked, id=47868, stack(0x0000006b63000000,0x0000006b63100000)]
  0x000001e8e0560800 JavaThread "Unconstrained build operations Thread 2" [_thread_blocked, id=10992, stack(0x0000006b63500000,0x0000006b63600000)]
  0x000001e8e055c800 JavaThread "Unconstrained build operations Thread 3" [_thread_blocked, id=132, stack(0x0000006b63600000,0x0000006b63700000)]
  0x000001e8e055d800 JavaThread "Unconstrained build operations Thread 4" [_thread_blocked, id=30216, stack(0x0000006b63700000,0x0000006b63800000)]
  0x000001e8e055e000 JavaThread "Unconstrained build operations Thread 5" [_thread_blocked, id=39540, stack(0x0000006b63800000,0x0000006b63900000)]
  0x000001e8e055b000 JavaThread "Unconstrained build operations Thread 6" [_thread_blocked, id=26176, stack(0x0000006b63900000,0x0000006b63a00000)]
  0x000001e8e0561800 JavaThread "Unconstrained build operations Thread 7" [_thread_blocked, id=41340, stack(0x0000006b63a00000,0x0000006b63b00000)]
  0x000001e8e055b800 JavaThread "Unconstrained build operations Thread 8" [_thread_blocked, id=31872, stack(0x0000006b63b00000,0x0000006b63c00000)]
  0x000001e8e0562000 JavaThread "Unconstrained build operations Thread 9" [_thread_blocked, id=45704, stack(0x0000006b63c00000,0x0000006b63d00000)]
  0x000001e8e0563000 JavaThread "Unconstrained build operations Thread 10" [_thread_blocked, id=30600, stack(0x0000006b63d00000,0x0000006b63e00000)]
  0x000001e8dfaf5000 JavaThread "Unconstrained build operations Thread 11" [_thread_blocked, id=24004, stack(0x0000006b63e00000,0x0000006b63f00000)]
  0x000001e8dfaef800 JavaThread "Unconstrained build operations Thread 12" [_thread_blocked, id=27996, stack(0x0000006b63f00000,0x0000006b64000000)]
  0x000001e8dfaf2800 JavaThread "Unconstrained build operations Thread 13" [_thread_blocked, id=4376, stack(0x0000006b64000000,0x0000006b64100000)]
  0x000001e8dfaf6000 JavaThread "Unconstrained build operations Thread 14" [_thread_blocked, id=37472, stack(0x0000006b64100000,0x0000006b64200000)]
  0x000001e8dfaf4000 JavaThread "Unconstrained build operations Thread 15" [_thread_blocked, id=18212, stack(0x0000006b64200000,0x0000006b64300000)]
  0x000001e8dfaf1000 JavaThread "Unconstrained build operations Thread 16" [_thread_blocked, id=40368, stack(0x0000006b64300000,0x0000006b64400000)]
  0x000001e8dfaf3800 JavaThread "Unconstrained build operations Thread 17" [_thread_blocked, id=45784, stack(0x0000006b64400000,0x0000006b64500000)]
  0x000001e8dfaf1800 JavaThread "Unconstrained build operations Thread 18" [_thread_blocked, id=7132, stack(0x0000006b64500000,0x0000006b64600000)]
  0x000001e8dfaf0000 JavaThread "Unconstrained build operations Thread 19" [_thread_blocked, id=47916, stack(0x0000006b64600000,0x0000006b64700000)]
  0x000001e8dfaf9000 JavaThread "Unconstrained build operations Thread 20" [_thread_blocked, id=21488, stack(0x0000006b64700000,0x0000006b64800000)]
  0x000001e8dfafa000 JavaThread "Unconstrained build operations Thread 21" [_thread_blocked, id=5876, stack(0x0000006b64800000,0x0000006b64900000)]
  0x000001e8dfafa800 JavaThread "Unconstrained build operations Thread 22" [_thread_blocked, id=29240, stack(0x0000006b64900000,0x0000006b64a00000)]
  0x000001e8dfafb800 JavaThread "Unconstrained build operations Thread 23" [_thread_blocked, id=14292, stack(0x0000006b64a00000,0x0000006b64b00000)]
  0x000001e8dfafc800 JavaThread "Unconstrained build operations Thread 24" [_thread_blocked, id=46884, stack(0x0000006b64b00000,0x0000006b64c00000)]
  0x000001e8dfaf6800 JavaThread "Unconstrained build operations Thread 25" [_thread_blocked, id=24508, stack(0x0000006b64c00000,0x0000006b64d00000)]
  0x000001e8dfafd000 JavaThread "Unconstrained build operations Thread 26" [_thread_blocked, id=34592, stack(0x0000006b64d00000,0x0000006b64e00000)]
  0x000001e8dfaf7800 JavaThread "Unconstrained build operations Thread 27" [_thread_blocked, id=1512, stack(0x0000006b64e00000,0x0000006b64f00000)]
  0x000001e8dfafe000 JavaThread "Unconstrained build operations Thread 28" [_thread_blocked, id=21948, stack(0x0000006b64f00000,0x0000006b65000000)]
  0x000001e8dfaf8000 JavaThread "Unconstrained build operations Thread 29" [_thread_blocked, id=38936, stack(0x0000006b65000000,0x0000006b65100000)]
  0x000001e8dd634000 JavaThread "Unconstrained build operations Thread 30" [_thread_blocked, id=1132, stack(0x0000006b65100000,0x0000006b65200000)]
  0x000001e8dd635000 JavaThread "Unconstrained build operations Thread 31" [_thread_in_native, id=12388, stack(0x0000006b65200000,0x0000006b65300000)]
  0x000001e8dd630800 JavaThread "Unconstrained build operations Thread 32" [_thread_blocked, id=49804, stack(0x0000006b65300000,0x0000006b65400000)]
  0x000001e8dd630000 JavaThread "Unconstrained build operations Thread 33" [_thread_blocked, id=29228, stack(0x0000006b65400000,0x0000006b65500000)]
  0x000001e8dd62f000 JavaThread "Unconstrained build operations Thread 34" [_thread_blocked, id=49076, stack(0x0000006b65500000,0x0000006b65600000)]
  0x000001e8dd632800 JavaThread "Unconstrained build operations Thread 35" [_thread_blocked, id=49668, stack(0x0000006b65600000,0x0000006b65700000)]
  0x000001e8dd633000 JavaThread "Unconstrained build operations Thread 36" [_thread_blocked, id=26920, stack(0x0000006b65700000,0x0000006b65800000)]
  0x000001e8dd635800 JavaThread "Unconstrained build operations Thread 37" [_thread_blocked, id=24492, stack(0x0000006b65800000,0x0000006b65900000)]
  0x000001e8dd636800 JavaThread "Unconstrained build operations Thread 38" [_thread_blocked, id=51148, stack(0x0000006b65900000,0x0000006b65a00000)]
  0x000001e8dd637000 JavaThread "Unconstrained build operations Thread 39" [_thread_blocked, id=23340, stack(0x0000006b65a00000,0x0000006b65b00000)]
  0x000001e8dd631800 JavaThread "Unconstrained build operations Thread 40" [_thread_blocked, id=41824, stack(0x0000006b65b00000,0x0000006b65c00000)]
  0x000001e8dd639000 JavaThread "Unconstrained build operations Thread 41" [_thread_blocked, id=50276, stack(0x0000006b65c00000,0x0000006b65d00000)]
  0x000001e8dd639800 JavaThread "Unconstrained build operations Thread 42" [_thread_blocked, id=29076, stack(0x0000006b65d00000,0x0000006b65e00000)]
  0x000001e8dd63e000 JavaThread "Unconstrained build operations Thread 43" [_thread_blocked, id=31348, stack(0x0000006b65e00000,0x0000006b65f00000)]
  0x000001e8dd638000 JavaThread "Unconstrained build operations Thread 44" [_thread_blocked, id=5028, stack(0x0000006b65f00000,0x0000006b66000000)]
  0x000001e8dd63a800 JavaThread "Unconstrained build operations Thread 45" [_thread_blocked, id=4392, stack(0x0000006b66000000,0x0000006b66100000)]
  0x000001e8dd63b800 JavaThread "Unconstrained build operations Thread 46" [_thread_blocked, id=42184, stack(0x0000006b66100000,0x0000006b66200000)]
  0x000001e8dd63c000 JavaThread "Unconstrained build operations Thread 47" [_thread_blocked, id=51368, stack(0x0000006b66200000,0x0000006b66300000)]
  0x000001e8dd63d000 JavaThread "Unconstrained build operations Thread 48" [_thread_blocked, id=33592, stack(0x0000006b66300000,0x0000006b66400000)]
  0x000001e8dfbfd000 JavaThread "Unconstrained build operations Thread 49" [_thread_blocked, id=32204, stack(0x0000006b66400000,0x0000006b66500000)]
  0x000001e8dfbfe000 JavaThread "Unconstrained build operations Thread 50" [_thread_blocked, id=32840, stack(0x0000006b66500000,0x0000006b66600000)]
  0x000001e8dfc01000 JavaThread "Unconstrained build operations Thread 51" [_thread_blocked, id=47524, stack(0x0000006b66600000,0x0000006b66700000)]
  0x000001e8dfc00800 JavaThread "Unconstrained build operations Thread 52" [_thread_blocked, id=16224, stack(0x0000006b66700000,0x0000006b66800000)]
  0x000001e8dfbfc000 JavaThread "Unconstrained build operations Thread 53" [_thread_blocked, id=400, stack(0x0000006b66800000,0x0000006b66900000)]
  0x000001e8dfbff800 JavaThread "Unconstrained build operations Thread 54" [_thread_blocked, id=39568, stack(0x0000006b66900000,0x0000006b66a00000)]
  0x000001e8dfbfe800 JavaThread "Unconstrained build operations Thread 55" [_thread_blocked, id=16732, stack(0x0000006b66a00000,0x0000006b66b00000)]
  0x000001e8dfbfb800 JavaThread "Unconstrained build operations Thread 56" [_thread_blocked, id=48524, stack(0x0000006b66b00000,0x0000006b66c00000)]
  0x000001e8dfc06000 JavaThread "Unconstrained build operations Thread 57" [_thread_blocked, id=20036, stack(0x0000006b66c00000,0x0000006b66d00000)]
  0x000001e8dfc07000 JavaThread "Unconstrained build operations Thread 58" [_thread_blocked, id=8576, stack(0x0000006b66d00000,0x0000006b66e00000)]
  0x000001e8dfc04800 JavaThread "Unconstrained build operations Thread 59" [_thread_blocked, id=24904, stack(0x0000006b66e00000,0x0000006b66f00000)]
  0x000001e8dfc03800 JavaThread "Unconstrained build operations Thread 60" [_thread_blocked, id=31064, stack(0x0000006b66f00000,0x0000006b67000000)]
  0x000001e8dfc07800 JavaThread "Unconstrained build operations Thread 61" [_thread_blocked, id=39516, stack(0x0000006b67000000,0x0000006b67100000)]
  0x000001e8dfc02000 JavaThread "Unconstrained build operations Thread 62" [_thread_blocked, id=15712, stack(0x0000006b67100000,0x0000006b67200000)]
  0x000001e8dfc05000 JavaThread "Unconstrained build operations Thread 63" [_thread_blocked, id=19936, stack(0x0000006b67200000,0x0000006b67300000)]
  0x000001e8dfc08800 JavaThread "Unconstrained build operations Thread 64" [_thread_blocked, id=50152, stack(0x0000006b67300000,0x0000006b67400000)]
  0x000001e8dfc03000 JavaThread "Unconstrained build operations Thread 65" [_thread_blocked, id=2404, stack(0x0000006b67400000,0x0000006b67500000)]
  0x000001e8dfc0a000 JavaThread "Unconstrained build operations Thread 66" [_thread_blocked, id=22440, stack(0x0000006b67500000,0x0000006b67600000)]
  0x000001e8dfc09800 JavaThread "Unconstrained build operations Thread 67" [_thread_blocked, id=5540, stack(0x0000006b67600000,0x0000006b67700000)]
  0x000001e8ddaab000 JavaThread "Unconstrained build operations Thread 68" [_thread_blocked, id=30032, stack(0x0000006b67700000,0x0000006b67800000)]
  0x000001e8ddaab800 JavaThread "Unconstrained build operations Thread 69" [_thread_blocked, id=45208, stack(0x0000006b67800000,0x0000006b67900000)]
  0x000001e8ddaac800 JavaThread "Unconstrained build operations Thread 70" [_thread_blocked, id=46624, stack(0x0000006b67900000,0x0000006b67a00000)]
  0x000001e8ddab3000 JavaThread "Unconstrained build operations Thread 71" [_thread_blocked, id=28156, stack(0x0000006b67a00000,0x0000006b67b00000)]
  0x000001e8ddaad800 JavaThread "Unconstrained build operations Thread 72" [_thread_in_Java, id=13184, stack(0x0000006b67b00000,0x0000006b67c00000)]
  0x000001e8ddab0800 JavaThread "Unconstrained build operations Thread 73" [_thread_blocked, id=49360, stack(0x0000006b67c00000,0x0000006b67d00000)]
  0x000001e8ddab1800 JavaThread "Unconstrained build operations Thread 74" [_thread_blocked, id=34876, stack(0x0000006b67d00000,0x0000006b67e00000)]
  0x000001e8ddab2000 JavaThread "Unconstrained build operations Thread 75" [_thread_blocked, id=46012, stack(0x0000006b67e00000,0x0000006b67f00000)]
  0x000001e8ddaae000 JavaThread "Unconstrained build operations Thread 76" [_thread_blocked, id=51588, stack(0x0000006b67f00000,0x0000006b68000000)]
  0x000001e8ddab4000 JavaThread "Unconstrained build operations Thread 77" [_thread_blocked, id=20848, stack(0x0000006b68000000,0x0000006b68100000)]
  0x000001e8ddab4800 JavaThread "Unconstrained build operations Thread 78" [_thread_blocked, id=39336, stack(0x0000006b68100000,0x0000006b68200000)]
  0x000001e8ddaaf000 JavaThread "Unconstrained build operations Thread 79" [_thread_blocked, id=31368, stack(0x0000006b68200000,0x0000006b68300000)]
  0x000001e8ddab5800 JavaThread "Unconstrained build operations Thread 80" [_thread_blocked, id=3236, stack(0x0000006b68300000,0x0000006b68400000)]
  0x000001e8ddab0000 JavaThread "jar transforms Thread 4" [_thread_blocked, id=1896, stack(0x0000006b68600000,0x0000006b68700000)]
  0x000001e8ddab9000 JavaThread "jar transforms Thread 5" [_thread_blocked, id=12020, stack(0x0000006b68700000,0x0000006b68800000)]
  0x000001e8ddab6800 JavaThread "jar transforms Thread 6" [_thread_blocked, id=9672, stack(0x0000006b68800000,0x0000006b68900000)]
  0x000001e8ddab7000 JavaThread "jar transforms Thread 7" [_thread_blocked, id=27660, stack(0x0000006b68900000,0x0000006b68a00000)]
  0x000001e8ddab8000 JavaThread "jar transforms Thread 8" [_thread_blocked, id=43552, stack(0x0000006b68a00000,0x0000006b68b00000)]
  0x000001e8e442f800 JavaThread "Memory manager" [_thread_blocked, id=19632, stack(0x0000006b68400000,0x0000006b68500000)]
  0x000001e8e4436000 JavaThread "build event listener" [_thread_blocked, id=31828, stack(0x0000006b68e00000,0x0000006b68f00000)]
  0x000001e8e4430800 JavaThread "included builds" [_thread_blocked, id=50216, stack(0x0000006b68f00000,0x0000006b69000000)]
  0x000001e8e4433000 JavaThread "Execution worker" [_thread_blocked, id=14432, stack(0x0000006b69000000,0x0000006b69100000)]
  0x000001e8e4437000 JavaThread "Execution worker Thread 2" [_thread_blocked, id=15592, stack(0x0000006b69100000,0x0000006b69200000)]
  0x000001e8e4435800 JavaThread "Execution worker Thread 3" [_thread_blocked, id=52908, stack(0x0000006b69200000,0x0000006b69300000)]
  0x000001e8e4432000 JavaThread "Execution worker Thread 4" [_thread_blocked, id=41264, stack(0x0000006b69300000,0x0000006b69400000)]
  0x000001e8e4434800 JavaThread "Execution worker Thread 5" [_thread_blocked, id=12368, stack(0x0000006b69400000,0x0000006b69500000)]
  0x000001e8e4431000 JavaThread "Execution worker Thread 6" [_thread_blocked, id=6424, stack(0x0000006b69500000,0x0000006b69600000)]
  0x000001e8e4433800 JavaThread "Execution worker Thread 7" [_thread_blocked, id=38008, stack(0x0000006b69600000,0x0000006b69700000)]
  0x000001e8e443c000 JavaThread "Cache worker for execution history cache (D:\HollyD\AndroidStudioProjects\favor\.gradle\7.5\executionHistory)" [_thread_blocked, id=2256, stack(0x0000006b69700000,0x0000006b69800000)]
  0x000001e8e5ea3000 JavaThread "C2 CompilerThread1" daemon [_thread_in_native, id=40420, stack(0x0000006b68500000,0x0000006b68600000)]
  0x000001e8e443c800 JavaThread "WorkerExecutor Queue" [_thread_blocked, id=6312, stack(0x0000006b68b00000,0x0000006b68c00000)]
  0x000001e8e0180000 JavaThread "C2 CompilerThread2" daemon [_thread_in_native, id=12392, stack(0x0000006b69800000,0x0000006b69900000)]

Other Threads:
  0x000001e8dcfcd000 VMThread "VM Thread" [stack: 0x0000006b60600000,0x0000006b60700000] [id=26692]
  0x000001e8dd1c8000 WatcherThread [stack: 0x0000006b61000000,0x0000006b61100000] [id=10752]
  0x000001e8c22e8000 GCTaskThread "GC Thread#0" [stack: 0x0000006b60100000,0x0000006b60200000] [id=31328]
  0x000001e8de236000 GCTaskThread "GC Thread#1" [stack: 0x0000006b61200000,0x0000006b61300000] [id=34612]
  0x000001e8de0be000 GCTaskThread "GC Thread#2" [stack: 0x0000006b61300000,0x0000006b61400000] [id=11404]
  0x000001e8de0bf000 GCTaskThread "GC Thread#3" [stack: 0x0000006b61400000,0x0000006b61500000] [id=50916]
  0x000001e8de0b0800 GCTaskThread "GC Thread#4" [stack: 0x0000006b61500000,0x0000006b61600000] [id=8084]
  0x000001e8deff2800 GCTaskThread "GC Thread#5" [stack: 0x0000006b62200000,0x0000006b62300000] [id=52860]
  0x000001e8df825800 GCTaskThread "GC Thread#6" [stack: 0x0000006b62300000,0x0000006b62400000] [id=12764]
  0x000001e8de44c800 GCTaskThread "GC Thread#7" [stack: 0x0000006b62400000,0x0000006b62500000] [id=16072]
  0x000001e8c2317800 ConcurrentGCThread "G1 Main Marker" [stack: 0x0000006b60200000,0x0000006b60300000] [id=21408]
  0x000001e8c231a000 ConcurrentGCThread "G1 Conc#0" [stack: 0x0000006b60300000,0x0000006b60400000] [id=33136]
  0x000001e8df734800 ConcurrentGCThread "G1 Conc#1" [stack: 0x0000006b62600000,0x0000006b62700000] [id=9956]
  0x000001e8c23ad800 ConcurrentGCThread "G1 Refine#0" [stack: 0x0000006b60400000,0x0000006b60500000] [id=3640]
  0x000001e8de168000 ConcurrentGCThread "G1 Refine#1" [stack: 0x0000006b62500000,0x0000006b62600000] [id=13676]
  0x000001e8dc61c800 ConcurrentGCThread "G1 Young RemSet Sampling" [stack: 0x0000006b60500000,0x0000006b60600000] [id=18704]

Threads with active compile tasks:
C2 CompilerThread0  42064 11926       4       java.lang.reflect.AccessibleObject::checkAccess (40 bytes)
C1 CompilerThread0  42064 12130       2       org.gradle.internal.execution.history.changes.SummarizingChangeContainer::accept (66 bytes)
C2 CompilerThread1  42064 11796       4       java.lang.reflect.Method::invoke (65 bytes)
C2 CompilerThread2  42064 12007       4       java.util.TimSort::sort (229 bytes)

VM state:not at safepoint (normal execution)

VM Mutex/Monitor currently owned by a thread:  ([mutex/lock_event])
[0x000001e8c22c9d40] Compile_lock - owner thread: 0x0000000000000000

Heap address: 0x0000000080000000, size: 2048 MB, Compressed Oops mode: 32-bit
Narrow klass base: 0x0000000000000000, Narrow klass shift: 3
Compressed class space size: 1073741824 Address: 0x0000000100000000

Heap:
 garbage-first heap   total 253952K, used 119483K [0x0000000080000000, 0x0000000100000000)
  region size 1024K, 38 young (38912K), 12 survivors (12288K)
 Metaspace       used 96858K, capacity 99487K, committed 99664K, reserved 1136640K
  class space    used 12473K, capacity 13448K, committed 13516K, reserved 1048576K
Heap Regions: E=young(eden), S=young(survivor), O=old, HS=humongous(starts), HC=humongous(continues), CS=collection set, F=free, A=archive, TAMS=top-at-mark-start (previous, next)
|   0|0x0000000080000000, 0x0000000080100000, 0x0000000080100000|100%| O|  |TAMS 0x0000000080100000, 0x0000000080000000| Untracked 
|   1|0x0000000080100000, 0x0000000080200000, 0x0000000080200000|100%| O|  |TAMS 0x0000000080200000, 0x0000000080100000| Untracked 
|   2|0x0000000080200000, 0x0000000080300000, 0x0000000080300000|100%| O|  |TAMS 0x0000000080300000, 0x0000000080200000| Untracked 
|   3|0x0000000080300000, 0x0000000080400000, 0x0000000080400000|100%|HS|  |TAMS 0x0000000080400000, 0x0000000080300000| Complete 
|   4|0x0000000080400000, 0x0000000080500000, 0x0000000080500000|100%|HC|  |TAMS 0x0000000080500000, 0x0000000080400000| Complete 
|   5|0x0000000080500000, 0x0000000080600000, 0x0000000080600000|100%|HC|  |TAMS 0x0000000080600000, 0x0000000080500000| Complete 
|   6|0x0000000080600000, 0x0000000080700000, 0x0000000080700000|100%| O|  |TAMS 0x0000000080700000, 0x0000000080600000| Untracked 
|   7|0x0000000080700000, 0x0000000080800000, 0x0000000080800000|100%| O|  |TAMS 0x0000000080800000, 0x0000000080700000| Untracked 
|   8|0x0000000080800000, 0x0000000080900000, 0x0000000080900000|100%| O|  |TAMS 0x0000000080900000, 0x0000000080800000| Untracked 
|   9|0x0000000080900000, 0x0000000080a00000, 0x0000000080a00000|100%| O|  |TAMS 0x0000000080a00000, 0x0000000080900000| Untracked 
|  10|0x0000000080a00000, 0x0000000080b00000, 0x0000000080b00000|100%| O|  |TAMS 0x0000000080b00000, 0x0000000080a00000| Untracked 
|  11|0x0000000080b00000, 0x0000000080c00000, 0x0000000080c00000|100%| O|  |TAMS 0x0000000080c00000, 0x0000000080b00000| Untracked 
|  12|0x0000000080c00000, 0x0000000080d00000, 0x0000000080d00000|100%| O|  |TAMS 0x0000000080d00000, 0x0000000080c00000| Untracked 
|  13|0x0000000080d00000, 0x0000000080e00000, 0x0000000080e00000|100%| O|  |TAMS 0x0000000080e00000, 0x0000000080d00000| Untracked 
|  14|0x0000000080e00000, 0x0000000080f00000, 0x0000000080f00000|100%| O|  |TAMS 0x0000000080f00000, 0x0000000080e00000| Untracked 
|  15|0x0000000080f00000, 0x0000000081000000, 0x0000000081000000|100%| O|  |TAMS 0x0000000081000000, 0x0000000080f00000| Untracked 
|  16|0x0000000081000000, 0x0000000081100000, 0x0000000081100000|100%| O|  |TAMS 0x0000000081100000, 0x0000000081000000| Untracked 
|  17|0x0000000081100000, 0x0000000081200000, 0x0000000081200000|100%|HS|  |TAMS 0x0000000081200000, 0x0000000081100000| Complete 
|  18|0x0000000081200000, 0x0000000081300000, 0x0000000081300000|100%| O|  |TAMS 0x0000000081300000, 0x0000000081200000| Untracked 
|  19|0x0000000081300000, 0x0000000081400000, 0x0000000081400000|100%| O|  |TAMS 0x0000000081400000, 0x0000000081300000| Untracked 
|  20|0x0000000081400000, 0x0000000081500000, 0x0000000081500000|100%| O|  |TAMS 0x0000000081500000, 0x0000000081400000| Untracked 
|  21|0x0000000081500000, 0x0000000081600000, 0x0000000081600000|100%| O|  |TAMS 0x0000000081600000, 0x0000000081500000| Untracked 
|  22|0x0000000081600000, 0x0000000081700000, 0x0000000081700000|100%| O|  |TAMS 0x0000000081700000, 0x0000000081600000| Untracked 
|  23|0x0000000081700000, 0x0000000081800000, 0x0000000081800000|100%|HS|  |TAMS 0x0000000081800000, 0x0000000081700000| Complete 
|  24|0x0000000081800000, 0x0000000081900000, 0x0000000081900000|100%|HS|  |TAMS 0x0000000081900000, 0x0000000081800000| Complete 
|  25|0x0000000081900000, 0x0000000081a00000, 0x0000000081a00000|100%|HS|  |TAMS 0x0000000081a00000, 0x0000000081900000| Complete 
|  26|0x0000000081a00000, 0x0000000081b00000, 0x0000000081b00000|100%|HC|  |TAMS 0x0000000081b00000, 0x0000000081a00000| Complete 
|  27|0x0000000081b00000, 0x0000000081c00000, 0x0000000081c00000|100%|HC|  |TAMS 0x0000000081c00000, 0x0000000081b00000| Complete 
|  28|0x0000000081c00000, 0x0000000081d00000, 0x0000000081d00000|100%| O|  |TAMS 0x0000000081c00000, 0x0000000081c00000| Untracked 
|  29|0x0000000081d00000, 0x0000000081e00000, 0x0000000081e00000|100%|HS|  |TAMS 0x0000000081e00000, 0x0000000081d00000| Complete 
|  30|0x0000000081e00000, 0x0000000081f00000, 0x0000000081f00000|100%|HC|  |TAMS 0x0000000081f00000, 0x0000000081e00000| Complete 
|  31|0x0000000081f00000, 0x0000000082000000, 0x0000000082000000|100%| O|  |TAMS 0x0000000082000000, 0x0000000081f00000| Untracked 
|  32|0x0000000082000000, 0x0000000082100000, 0x0000000082100000|100%| O|  |TAMS 0x0000000082100000, 0x0000000082000000| Untracked 
|  33|0x0000000082100000, 0x0000000082200000, 0x0000000082200000|100%| O|  |TAMS 0x0000000082200000, 0x0000000082100000| Untracked 
|  34|0x0000000082200000, 0x0000000082300000, 0x0000000082300000|100%| O|  |TAMS 0x0000000082300000, 0x0000000082200000| Untracked 
|  35|0x0000000082300000, 0x0000000082400000, 0x0000000082400000|100%| O|  |TAMS 0x0000000082400000, 0x0000000082300000| Untracked 
|  36|0x0000000082400000, 0x0000000082500000, 0x0000000082500000|100%| O|  |TAMS 0x00000000824be200, 0x0000000082400000| Untracked 
|  37|0x0000000082500000, 0x0000000082600000, 0x0000000082600000|100%| O|  |TAMS 0x0000000082500000, 0x0000000082500000| Untracked 
|  38|0x0000000082600000, 0x0000000082700000, 0x0000000082700000|100%| O|  |TAMS 0x0000000082600000, 0x0000000082600000| Untracked 
|  39|0x0000000082700000, 0x0000000082800000, 0x0000000082800000|100%| O|  |TAMS 0x0000000082700000, 0x0000000082700000| Untracked 
|  40|0x0000000082800000, 0x0000000082900000, 0x0000000082900000|100%| O|  |TAMS 0x0000000082800000, 0x0000000082800000| Untracked 
|  41|0x0000000082900000, 0x0000000082a00000, 0x0000000082a00000|100%| O|  |TAMS 0x0000000082900000, 0x0000000082900000| Untracked 
|  42|0x0000000082a00000, 0x0000000082b00000, 0x0000000082b00000|100%| O|  |TAMS 0x0000000082a00000, 0x0000000082a00000| Untracked 
|  43|0x0000000082b00000, 0x0000000082c00000, 0x0000000082c00000|100%| O|  |TAMS 0x0000000082b00000, 0x0000000082b00000| Untracked 
|  44|0x0000000082c00000, 0x0000000082d00000, 0x0000000082d00000|100%| O|  |TAMS 0x0000000082c00000, 0x0000000082c00000| Untracked 
|  45|0x0000000082d00000, 0x0000000082e00000, 0x0000000082e00000|100%| O|  |TAMS 0x0000000082d00000, 0x0000000082d00000| Untracked 
|  46|0x0000000082e00000, 0x0000000082f00000, 0x0000000082f00000|100%| O|  |TAMS 0x0000000082e00000, 0x0000000082e00000| Untracked 
|  47|0x0000000082f00000, 0x0000000083000000, 0x0000000083000000|100%| O|  |TAMS 0x0000000082f00000, 0x0000000082f00000| Untracked 
|  48|0x0000000083000000, 0x0000000083100000, 0x0000000083100000|100%| O|  |TAMS 0x0000000083000000, 0x0000000083000000| Untracked 
|  49|0x0000000083100000, 0x0000000083200000, 0x0000000083200000|100%| O|  |TAMS 0x0000000083100000, 0x0000000083100000| Untracked 
|  50|0x0000000083200000, 0x0000000083300000, 0x0000000083300000|100%| O|  |TAMS 0x0000000083200000, 0x0000000083200000| Untracked 
|  51|0x0000000083300000, 0x0000000083400000, 0x0000000083400000|100%| O|  |TAMS 0x0000000083300000, 0x0000000083300000| Untracked 
|  52|0x0000000083400000, 0x0000000083500000, 0x0000000083500000|100%| O|  |TAMS 0x0000000083400000, 0x0000000083400000| Untracked 
|  53|0x0000000083500000, 0x0000000083600000, 0x0000000083600000|100%| O|  |TAMS 0x0000000083500000, 0x0000000083500000| Untracked 
|  54|0x0000000083600000, 0x0000000083700000, 0x0000000083700000|100%| O|  |TAMS 0x0000000083600000, 0x0000000083600000| Untracked 
|  55|0x0000000083700000, 0x0000000083800000, 0x0000000083800000|100%| O|  |TAMS 0x0000000083700000, 0x0000000083700000| Untracked 
|  56|0x0000000083800000, 0x0000000083900000, 0x0000000083900000|100%| O|  |TAMS 0x0000000083800000, 0x0000000083800000| Untracked 
|  57|0x0000000083900000, 0x0000000083a00000, 0x0000000083a00000|100%| O|  |TAMS 0x0000000083900000, 0x0000000083900000| Untracked 
|  58|0x0000000083a00000, 0x0000000083b00000, 0x0000000083b00000|100%| O|  |TAMS 0x0000000083a00000, 0x0000000083a00000| Untracked 
|  59|0x0000000083b00000, 0x0000000083c00000, 0x0000000083c00000|100%| O|  |TAMS 0x0000000083b00000, 0x0000000083b00000| Untracked 
|  60|0x0000000083c00000, 0x0000000083d00000, 0x0000000083d00000|100%| O|  |TAMS 0x0000000083c00000, 0x0000000083c00000| Untracked 
|  61|0x0000000083d00000, 0x0000000083e00000, 0x0000000083e00000|100%| O|  |TAMS 0x0000000083d00000, 0x0000000083d00000| Untracked 
|  62|0x0000000083e00000, 0x0000000083f00000, 0x0000000083f00000|100%| O|  |TAMS 0x0000000083e00000, 0x0000000083e00000| Untracked 
|  63|0x0000000083f00000, 0x0000000084000000, 0x0000000084000000|100%| O|  |TAMS 0x0000000083f00000, 0x0000000083f00000| Untracked 
|  64|0x0000000084000000, 0x0000000084100000, 0x0000000084100000|100%| O|  |TAMS 0x0000000084000000, 0x0000000084000000| Untracked 
|  65|0x0000000084100000, 0x0000000084200000, 0x0000000084200000|100%| O|  |TAMS 0x0000000084100000, 0x0000000084100000| Untracked 
|  66|0x0000000084200000, 0x0000000084300000, 0x0000000084300000|100%| O|  |TAMS 0x0000000084200000, 0x0000000084200000| Untracked 
|  67|0x0000000084300000, 0x0000000084400000, 0x0000000084400000|100%| O|  |TAMS 0x0000000084300000, 0x0000000084300000| Untracked 
|  68|0x0000000084400000, 0x0000000084500000, 0x0000000084500000|100%| O|  |TAMS 0x0000000084400000, 0x0000000084400000| Untracked 
|  69|0x0000000084500000, 0x0000000084600000, 0x0000000084600000|100%| O|  |TAMS 0x0000000084500000, 0x0000000084500000| Untracked 
|  70|0x0000000084600000, 0x0000000084700000, 0x0000000084700000|100%| O|  |TAMS 0x0000000084600000, 0x0000000084600000| Untracked 
|  71|0x0000000084700000, 0x0000000084800000, 0x0000000084800000|100%| O|  |TAMS 0x0000000084700000, 0x0000000084700000| Untracked 
|  72|0x0000000084800000, 0x0000000084900000, 0x0000000084900000|100%| O|  |TAMS 0x0000000084800000, 0x0000000084800000| Untracked 
|  73|0x0000000084900000, 0x0000000084a00000, 0x0000000084a00000|100%| O|  |TAMS 0x0000000084900000, 0x0000000084900000| Untracked 
|  74|0x0000000084a00000, 0x0000000084b00000, 0x0000000084b00000|100%| O|  |TAMS 0x0000000084a00000, 0x0000000084a00000| Untracked 
|  75|0x0000000084b00000, 0x0000000084c00000, 0x0000000084c00000|100%| O|  |TAMS 0x0000000084b00000, 0x0000000084b00000| Untracked 
|  76|0x0000000084c00000, 0x0000000084d00000, 0x0000000084d00000|100%| O|  |TAMS 0x0000000084c00000, 0x0000000084c00000| Untracked 
|  77|0x0000000084d00000, 0x0000000084e00000, 0x0000000084e00000|100%| O|  |TAMS 0x0000000084d00000, 0x0000000084d00000| Untracked 
|  78|0x0000000084e00000, 0x0000000084f00000, 0x0000000084f00000|100%| O|  |TAMS 0x0000000084e00000, 0x0000000084e00000| Untracked 
|  79|0x0000000084f00000, 0x0000000084faee00, 0x0000000085000000| 68%| O|  |TAMS 0x0000000084f00000, 0x0000000084f00000| Untracked 
|  80|0x0000000085000000, 0x0000000085000000, 0x0000000085100000|  0%| F|  |TAMS 0x0000000085000000, 0x0000000085000000| Untracked 
|  81|0x0000000085100000, 0x0000000085100000, 0x0000000085200000|  0%| F|  |TAMS 0x0000000085100000, 0x0000000085100000| Untracked 
|  82|0x0000000085200000, 0x0000000085200000, 0x0000000085300000|  0%| F|  |TAMS 0x0000000085200000, 0x0000000085200000| Untracked 
|  83|0x0000000085300000, 0x0000000085300000, 0x0000000085400000|  0%| F|  |TAMS 0x0000000085300000, 0x0000000085300000| Untracked 
|  84|0x0000000085400000, 0x0000000085400000, 0x0000000085500000|  0%| F|  |TAMS 0x0000000085400000, 0x0000000085400000| Untracked 
|  85|0x0000000085500000, 0x0000000085500000, 0x0000000085600000|  0%| F|  |TAMS 0x0000000085500000, 0x0000000085500000| Untracked 
|  86|0x0000000085600000, 0x0000000085600000, 0x0000000085700000|  0%| F|  |TAMS 0x0000000085600000, 0x0000000085600000| Untracked 
|  87|0x0000000085700000, 0x0000000085700000, 0x0000000085800000|  0%| F|  |TAMS 0x0000000085700000, 0x0000000085700000| Untracked 
|  88|0x0000000085800000, 0x0000000085800000, 0x0000000085900000|  0%| F|  |TAMS 0x0000000085800000, 0x0000000085800000| Untracked 
|  89|0x0000000085900000, 0x0000000085900000, 0x0000000085a00000|  0%| F|  |TAMS 0x0000000085900000, 0x0000000085900000| Untracked 
|  90|0x0000000085a00000, 0x0000000085a00000, 0x0000000085b00000|  0%| F|  |TAMS 0x0000000085a00000, 0x0000000085a00000| Untracked 
|  91|0x0000000085b00000, 0x0000000085b00000, 0x0000000085c00000|  0%| F|  |TAMS 0x0000000085b00000, 0x0000000085b00000| Untracked 
|  92|0x0000000085c00000, 0x0000000085c00000, 0x0000000085d00000|  0%| F|  |TAMS 0x0000000085c00000, 0x0000000085c00000| Untracked 
|  93|0x0000000085d00000, 0x0000000085d00000, 0x0000000085e00000|  0%| F|  |TAMS 0x0000000085d00000, 0x0000000085d00000| Untracked 
|  94|0x0000000085e00000, 0x0000000085e00000, 0x0000000085f00000|  0%| F|  |TAMS 0x0000000085e00000, 0x0000000085e00000| Untracked 
|  95|0x0000000085f00000, 0x0000000085f00000, 0x0000000086000000|  0%| F|  |TAMS 0x0000000085f00000, 0x0000000085f00000| Untracked 
|  96|0x0000000086000000, 0x0000000086000000, 0x0000000086100000|  0%| F|  |TAMS 0x0000000086000000, 0x0000000086000000| Untracked 
|  97|0x0000000086100000, 0x0000000086100000, 0x0000000086200000|  0%| F|  |TAMS 0x0000000086100000, 0x0000000086100000| Untracked 
|  98|0x0000000086200000, 0x0000000086200000, 0x0000000086300000|  0%| F|  |TAMS 0x0000000086200000, 0x0000000086200000| Untracked 
|  99|0x0000000086300000, 0x0000000086300000, 0x0000000086400000|  0%| F|  |TAMS 0x0000000086300000, 0x0000000086300000| Untracked 
| 100|0x0000000086400000, 0x0000000086400000, 0x0000000086500000|  0%| F|  |TAMS 0x0000000086400000, 0x0000000086400000| Untracked 
| 101|0x0000000086500000, 0x0000000086500000, 0x0000000086600000|  0%| F|  |TAMS 0x0000000086500000, 0x0000000086500000| Untracked 
| 102|0x0000000086600000, 0x0000000086600000, 0x0000000086700000|  0%| F|  |TAMS 0x0000000086600000, 0x0000000086600000| Untracked 
| 103|0x0000000086700000, 0x0000000086700000, 0x0000000086800000|  0%| F|  |TAMS 0x0000000086700000, 0x0000000086700000| Untracked 
| 104|0x0000000086800000, 0x0000000086800000, 0x0000000086900000|  0%| F|  |TAMS 0x0000000086800000, 0x0000000086800000| Untracked 
| 105|0x0000000086900000, 0x0000000086900000, 0x0000000086a00000|  0%| F|  |TAMS 0x0000000086900000, 0x0000000086900000| Untracked 
| 106|0x0000000086a00000, 0x0000000086a00000, 0x0000000086b00000|  0%| F|  |TAMS 0x0000000086a00000, 0x0000000086a00000| Untracked 
| 107|0x0000000086b00000, 0x0000000086b00000, 0x0000000086c00000|  0%| F|  |TAMS 0x0000000086b00000, 0x0000000086b00000| Untracked 
| 108|0x0000000086c00000, 0x0000000086c00000, 0x0000000086d00000|  0%| F|  |TAMS 0x0000000086c00000, 0x0000000086c00000| Untracked 
| 109|0x0000000086d00000, 0x0000000086d00000, 0x0000000086e00000|  0%| F|  |TAMS 0x0000000086d00000, 0x0000000086d00000| Untracked 
| 110|0x0000000086e00000, 0x0000000086e00000, 0x0000000086f00000|  0%| F|  |TAMS 0x0000000086e00000, 0x0000000086e00000| Untracked 
| 111|0x0000000086f00000, 0x0000000086f00000, 0x0000000087000000|  0%| F|  |TAMS 0x0000000086f00000, 0x0000000086f00000| Untracked 
| 112|0x0000000087000000, 0x0000000087000000, 0x0000000087100000|  0%| F|  |TAMS 0x0000000087000000, 0x0000000087000000| Untracked 
| 113|0x0000000087100000, 0x0000000087100000, 0x0000000087200000|  0%| F|  |TAMS 0x0000000087100000, 0x0000000087100000| Untracked 
| 114|0x0000000087200000, 0x0000000087200000, 0x0000000087300000|  0%| F|  |TAMS 0x0000000087200000, 0x0000000087200000| Untracked 
| 115|0x0000000087300000, 0x0000000087300000, 0x0000000087400000|  0%| F|  |TAMS 0x0000000087300000, 0x0000000087300000| Untracked 
| 116|0x0000000087400000, 0x0000000087400000, 0x0000000087500000|  0%| F|  |TAMS 0x0000000087400000, 0x0000000087400000| Untracked 
| 117|0x0000000087500000, 0x0000000087500000, 0x0000000087600000|  0%| F|  |TAMS 0x0000000087500000, 0x0000000087500000| Untracked 
| 118|0x0000000087600000, 0x0000000087600000, 0x0000000087700000|  0%| F|  |TAMS 0x0000000087600000, 0x0000000087600000| Untracked 
| 119|0x0000000087700000, 0x0000000087700000, 0x0000000087800000|  0%| F|  |TAMS 0x0000000087700000, 0x0000000087700000| Untracked 
| 120|0x0000000087800000, 0x0000000087800000, 0x0000000087900000|  0%| F|  |TAMS 0x0000000087800000, 0x0000000087800000| Untracked 
| 121|0x0000000087900000, 0x0000000087900000, 0x0000000087a00000|  0%| F|  |TAMS 0x0000000087900000, 0x0000000087900000| Untracked 
| 122|0x0000000087a00000, 0x0000000087a00000, 0x0000000087b00000|  0%| F|  |TAMS 0x0000000087a00000, 0x0000000087a00000| Untracked 
| 123|0x0000000087b00000, 0x0000000087b00000, 0x0000000087c00000|  0%| F|  |TAMS 0x0000000087b00000, 0x0000000087b00000| Untracked 
| 124|0x0000000087c00000, 0x0000000087c00000, 0x0000000087d00000|  0%| F|  |TAMS 0x0000000087c00000, 0x0000000087c00000| Untracked 
| 125|0x0000000087d00000, 0x0000000087d00000, 0x0000000087e00000|  0%| F|  |TAMS 0x0000000087d00000, 0x0000000087d00000| Untracked 
| 126|0x0000000087e00000, 0x0000000087e00000, 0x0000000087f00000|  0%| F|  |TAMS 0x0000000087e00000, 0x0000000087e00000| Untracked 
| 127|0x0000000087f00000, 0x0000000087f00000, 0x0000000088000000|  0%| F|  |TAMS 0x0000000087f00000, 0x0000000087f00000| Untracked 
| 128|0x0000000088000000, 0x0000000088000000, 0x0000000088100000|  0%| F|  |TAMS 0x0000000088000000, 0x0000000088000000| Untracked 
| 129|0x0000000088100000, 0x0000000088100000, 0x0000000088200000|  0%| F|  |TAMS 0x0000000088100000, 0x0000000088100000| Untracked 
| 130|0x0000000088200000, 0x0000000088200000, 0x0000000088300000|  0%| F|  |TAMS 0x0000000088200000, 0x0000000088200000| Untracked 
| 131|0x0000000088300000, 0x0000000088400000, 0x0000000088400000|100%| S|CS|TAMS 0x0000000088300000, 0x0000000088300000| Complete 
| 132|0x0000000088400000, 0x0000000088500000, 0x0000000088500000|100%| S|CS|TAMS 0x0000000088400000, 0x0000000088400000| Complete 
| 133|0x0000000088500000, 0x0000000088600000, 0x0000000088600000|100%| S|CS|TAMS 0x0000000088500000, 0x0000000088500000| Complete 
| 134|0x0000000088600000, 0x0000000088700000, 0x0000000088700000|100%| S|CS|TAMS 0x0000000088600000, 0x0000000088600000| Complete 
| 135|0x0000000088700000, 0x0000000088800000, 0x0000000088800000|100%| S|CS|TAMS 0x0000000088700000, 0x0000000088700000| Complete 
| 136|0x0000000088800000, 0x0000000088900000, 0x0000000088900000|100%| S|CS|TAMS 0x0000000088800000, 0x0000000088800000| Complete 
| 137|0x0000000088900000, 0x0000000088a00000, 0x0000000088a00000|100%| S|CS|TAMS 0x0000000088900000, 0x0000000088900000| Complete 
| 138|0x0000000088a00000, 0x0000000088b00000, 0x0000000088b00000|100%| S|CS|TAMS 0x0000000088a00000, 0x0000000088a00000| Complete 
| 139|0x0000000088b00000, 0x0000000088c00000, 0x0000000088c00000|100%| S|CS|TAMS 0x0000000088b00000, 0x0000000088b00000| Complete 
| 140|0x0000000088c00000, 0x0000000088d00000, 0x0000000088d00000|100%| S|CS|TAMS 0x0000000088c00000, 0x0000000088c00000| Complete 
| 141|0x0000000088d00000, 0x0000000088e00000, 0x0000000088e00000|100%| S|CS|TAMS 0x0000000088d00000, 0x0000000088d00000| Complete 
| 142|0x0000000088e00000, 0x0000000088e00000, 0x0000000088f00000|  0%| F|  |TAMS 0x0000000088e00000, 0x0000000088e00000| Untracked 
| 143|0x0000000088f00000, 0x0000000088f00000, 0x0000000089000000|  0%| F|  |TAMS 0x0000000088f00000, 0x0000000088f00000| Untracked 
| 144|0x0000000089000000, 0x0000000089100000, 0x0000000089100000|100%| S|CS|TAMS 0x0000000089000000, 0x0000000089000000| Complete 
| 145|0x0000000089100000, 0x0000000089100000, 0x0000000089200000|  0%| F|  |TAMS 0x0000000089100000, 0x0000000089100000| Untracked 
| 146|0x0000000089200000, 0x0000000089200000, 0x0000000089300000|  0%| F|  |TAMS 0x0000000089200000, 0x0000000089200000| Untracked 
| 147|0x0000000089300000, 0x0000000089300000, 0x0000000089400000|  0%| F|  |TAMS 0x0000000089300000, 0x0000000089300000| Untracked 
| 148|0x0000000089400000, 0x0000000089400000, 0x0000000089500000|  0%| F|  |TAMS 0x0000000089400000, 0x0000000089400000| Untracked 
| 149|0x0000000089500000, 0x0000000089500000, 0x0000000089600000|  0%| F|  |TAMS 0x0000000089500000, 0x0000000089500000| Untracked 
| 150|0x0000000089600000, 0x0000000089600000, 0x0000000089700000|  0%| F|  |TAMS 0x0000000089600000, 0x0000000089600000| Untracked 
| 151|0x0000000089700000, 0x0000000089700000, 0x0000000089800000|  0%| F|  |TAMS 0x0000000089700000, 0x0000000089700000| Untracked 
| 152|0x0000000089800000, 0x0000000089800000, 0x0000000089900000|  0%| F|  |TAMS 0x0000000089800000, 0x0000000089800000| Untracked 
| 153|0x0000000089900000, 0x0000000089900000, 0x0000000089a00000|  0%| F|  |TAMS 0x0000000089900000, 0x0000000089900000| Untracked 
| 154|0x0000000089a00000, 0x0000000089a00000, 0x0000000089b00000|  0%| F|  |TAMS 0x0000000089a00000, 0x0000000089a00000| Untracked 
| 155|0x0000000089b00000, 0x0000000089b00000, 0x0000000089c00000|  0%| F|  |TAMS 0x0000000089b00000, 0x0000000089b00000| Untracked 
| 156|0x0000000089c00000, 0x0000000089c00000, 0x0000000089d00000|  0%| F|  |TAMS 0x0000000089c00000, 0x0000000089c00000| Untracked 
| 157|0x0000000089d00000, 0x0000000089d00000, 0x0000000089e00000|  0%| F|  |TAMS 0x0000000089d00000, 0x0000000089d00000| Untracked 
| 158|0x0000000089e00000, 0x0000000089e00000, 0x0000000089f00000|  0%| F|  |TAMS 0x0000000089e00000, 0x0000000089e00000| Untracked 
| 159|0x0000000089f00000, 0x0000000089f00000, 0x000000008a000000|  0%| F|  |TAMS 0x0000000089f00000, 0x0000000089f00000| Untracked 
| 160|0x000000008a000000, 0x000000008a000000, 0x000000008a100000|  0%| F|  |TAMS 0x000000008a000000, 0x000000008a000000| Untracked 
| 161|0x000000008a100000, 0x000000008a100000, 0x000000008a200000|  0%| F|  |TAMS 0x000000008a100000, 0x000000008a100000| Untracked 
| 162|0x000000008a200000, 0x000000008a200000, 0x000000008a300000|  0%| F|  |TAMS 0x000000008a200000, 0x000000008a200000| Untracked 
| 163|0x000000008a300000, 0x000000008a300000, 0x000000008a400000|  0%| F|  |TAMS 0x000000008a300000, 0x000000008a300000| Untracked 
| 164|0x000000008a400000, 0x000000008a400000, 0x000000008a500000|  0%| F|  |TAMS 0x000000008a400000, 0x000000008a400000| Untracked 
| 165|0x000000008a500000, 0x000000008a500000, 0x000000008a600000|  0%| F|  |TAMS 0x000000008a500000, 0x000000008a500000| Untracked 
| 166|0x000000008a600000, 0x000000008a600000, 0x000000008a700000|  0%| F|  |TAMS 0x000000008a600000, 0x000000008a600000| Untracked 
| 167|0x000000008a700000, 0x000000008a700000, 0x000000008a800000|  0%| F|  |TAMS 0x000000008a700000, 0x000000008a700000| Untracked 
| 168|0x000000008a800000, 0x000000008a800000, 0x000000008a900000|  0%| F|  |TAMS 0x000000008a800000, 0x000000008a800000| Untracked 
| 169|0x000000008a900000, 0x000000008a900000, 0x000000008aa00000|  0%| F|  |TAMS 0x000000008a900000, 0x000000008a900000| Untracked 
| 170|0x000000008aa00000, 0x000000008aa00000, 0x000000008ab00000|  0%| F|  |TAMS 0x000000008aa00000, 0x000000008aa00000| Untracked 
| 171|0x000000008ab00000, 0x000000008ab00000, 0x000000008ac00000|  0%| F|  |TAMS 0x000000008ab00000, 0x000000008ab00000| Untracked 
| 172|0x000000008ac00000, 0x000000008ac00000, 0x000000008ad00000|  0%| F|  |TAMS 0x000000008ac00000, 0x000000008ac00000| Untracked 
| 173|0x000000008ad00000, 0x000000008ad00000, 0x000000008ae00000|  0%| F|  |TAMS 0x000000008ad00000, 0x000000008ad00000| Untracked 
| 174|0x000000008ae00000, 0x000000008ae00000, 0x000000008af00000|  0%| F|  |TAMS 0x000000008ae00000, 0x000000008ae00000| Untracked 
| 175|0x000000008af00000, 0x000000008af00000, 0x000000008b000000|  0%| F|  |TAMS 0x000000008af00000, 0x000000008af00000| Untracked 
| 176|0x000000008b000000, 0x000000008b000000, 0x000000008b100000|  0%| F|  |TAMS 0x000000008b000000, 0x000000008b000000| Untracked 
| 177|0x000000008b100000, 0x000000008b100000, 0x000000008b200000|  0%| F|  |TAMS 0x000000008b100000, 0x000000008b100000| Untracked 
| 178|0x000000008b200000, 0x000000008b200000, 0x000000008b300000|  0%| F|  |TAMS 0x000000008b200000, 0x000000008b200000| Untracked 
| 179|0x000000008b300000, 0x000000008b300000, 0x000000008b400000|  0%| F|  |TAMS 0x000000008b300000, 0x000000008b300000| Untracked 
| 180|0x000000008b400000, 0x000000008b400000, 0x000000008b500000|  0%| F|  |TAMS 0x000000008b400000, 0x000000008b400000| Untracked 
| 181|0x000000008b500000, 0x000000008b500000, 0x000000008b600000|  0%| F|  |TAMS 0x000000008b500000, 0x000000008b500000| Untracked 
| 182|0x000000008b600000, 0x000000008b600000, 0x000000008b700000|  0%| F|  |TAMS 0x000000008b600000, 0x000000008b600000| Untracked 
| 183|0x000000008b700000, 0x000000008b700000, 0x000000008b800000|  0%| F|  |TAMS 0x000000008b700000, 0x000000008b700000| Untracked 
| 184|0x000000008b800000, 0x000000008b800000, 0x000000008b900000|  0%| F|  |TAMS 0x000000008b800000, 0x000000008b800000| Untracked 
| 185|0x000000008b900000, 0x000000008b900000, 0x000000008ba00000|  0%| F|  |TAMS 0x000000008b900000, 0x000000008b900000| Untracked 
| 186|0x000000008ba00000, 0x000000008ba00000, 0x000000008bb00000|  0%| F|  |TAMS 0x000000008ba00000, 0x000000008ba00000| Untracked 
| 187|0x000000008bb00000, 0x000000008bb00000, 0x000000008bc00000|  0%| F|  |TAMS 0x000000008bb00000, 0x000000008bb00000| Untracked 
| 188|0x000000008bc00000, 0x000000008bc00000, 0x000000008bd00000|  0%| F|  |TAMS 0x000000008bc00000, 0x000000008bc00000| Untracked 
| 189|0x000000008bd00000, 0x000000008bd00000, 0x000000008be00000|  0%| F|  |TAMS 0x000000008bd00000, 0x000000008bd00000| Untracked 
| 190|0x000000008be00000, 0x000000008be00000, 0x000000008bf00000|  0%| F|  |TAMS 0x000000008be00000, 0x000000008be00000| Untracked 
| 191|0x000000008bf00000, 0x000000008bf00000, 0x000000008c000000|  0%| F|  |TAMS 0x000000008bf00000, 0x000000008bf00000| Untracked 
| 192|0x000000008c000000, 0x000000008c000000, 0x000000008c100000|  0%| F|  |TAMS 0x000000008c000000, 0x000000008c000000| Untracked 
| 193|0x000000008c100000, 0x000000008c100000, 0x000000008c200000|  0%| F|  |TAMS 0x000000008c100000, 0x000000008c100000| Untracked 
| 194|0x000000008c200000, 0x000000008c200000, 0x000000008c300000|  0%| F|  |TAMS 0x000000008c200000, 0x000000008c200000| Untracked 
| 195|0x000000008c300000, 0x000000008c300000, 0x000000008c400000|  0%| F|  |TAMS 0x000000008c300000, 0x000000008c300000| Untracked 
| 196|0x000000008c400000, 0x000000008c400000, 0x000000008c500000|  0%| F|  |TAMS 0x000000008c400000, 0x000000008c400000| Untracked 
| 197|0x000000008c500000, 0x000000008c500000, 0x000000008c600000|  0%| F|  |TAMS 0x000000008c500000, 0x000000008c500000| Untracked 
| 198|0x000000008c600000, 0x000000008c600000, 0x000000008c700000|  0%| F|  |TAMS 0x000000008c600000, 0x000000008c600000| Untracked 
| 199|0x000000008c700000, 0x000000008c700000, 0x000000008c800000|  0%| F|  |TAMS 0x000000008c700000, 0x000000008c700000| Untracked 
| 200|0x000000008c800000, 0x000000008c800000, 0x000000008c900000|  0%| F|  |TAMS 0x000000008c800000, 0x000000008c800000| Untracked 
| 201|0x000000008c900000, 0x000000008c900000, 0x000000008ca00000|  0%| F|  |TAMS 0x000000008c900000, 0x000000008c900000| Untracked 
| 202|0x000000008ca00000, 0x000000008ca00000, 0x000000008cb00000|  0%| F|  |TAMS 0x000000008ca00000, 0x000000008ca00000| Untracked 
| 203|0x000000008cb00000, 0x000000008cb00000, 0x000000008cc00000|  0%| F|  |TAMS 0x000000008cb00000, 0x000000008cb00000| Untracked 
| 204|0x000000008cc00000, 0x000000008cc00000, 0x000000008cd00000|  0%| F|  |TAMS 0x000000008cc00000, 0x000000008cc00000| Untracked 
| 205|0x000000008cd00000, 0x000000008cd00000, 0x000000008ce00000|  0%| F|  |TAMS 0x000000008cd00000, 0x000000008cd00000| Untracked 
| 206|0x000000008ce00000, 0x000000008ce00000, 0x000000008cf00000|  0%| F|  |TAMS 0x000000008ce00000, 0x000000008ce00000| Untracked 
| 207|0x000000008cf00000, 0x000000008cf00000, 0x000000008d000000|  0%| F|  |TAMS 0x000000008cf00000, 0x000000008cf00000| Untracked 
| 208|0x000000008d000000, 0x000000008d000000, 0x000000008d100000|  0%| F|  |TAMS 0x000000008d000000, 0x000000008d000000| Untracked 
| 209|0x000000008d100000, 0x000000008d100000, 0x000000008d200000|  0%| F|  |TAMS 0x000000008d100000, 0x000000008d100000| Untracked 
| 210|0x000000008d200000, 0x000000008d200000, 0x000000008d300000|  0%| F|  |TAMS 0x000000008d200000, 0x000000008d200000| Untracked 
| 211|0x000000008d300000, 0x000000008d300000, 0x000000008d400000|  0%| F|  |TAMS 0x000000008d300000, 0x000000008d300000| Untracked 
| 212|0x000000008d400000, 0x000000008d400000, 0x000000008d500000|  0%| F|  |TAMS 0x000000008d400000, 0x000000008d400000| Untracked 
| 213|0x000000008d500000, 0x000000008d500000, 0x000000008d600000|  0%| F|  |TAMS 0x000000008d500000, 0x000000008d500000| Untracked 
| 214|0x000000008d600000, 0x000000008d600000, 0x000000008d700000|  0%| F|  |TAMS 0x000000008d600000, 0x000000008d600000| Untracked 
| 215|0x000000008d700000, 0x000000008d700000, 0x000000008d800000|  0%| F|  |TAMS 0x000000008d700000, 0x000000008d700000| Untracked 
| 216|0x000000008d800000, 0x000000008d800000, 0x000000008d900000|  0%| F|  |TAMS 0x000000008d800000, 0x000000008d800000| Untracked 
| 217|0x000000008d900000, 0x000000008d900000, 0x000000008da00000|  0%| F|  |TAMS 0x000000008d900000, 0x000000008d900000| Untracked 
| 218|0x000000008da00000, 0x000000008da00000, 0x000000008db00000|  0%| F|  |TAMS 0x000000008da00000, 0x000000008da00000| Untracked 
| 219|0x000000008db00000, 0x000000008db00000, 0x000000008dc00000|  0%| F|  |TAMS 0x000000008db00000, 0x000000008db00000| Untracked 
| 220|0x000000008dc00000, 0x000000008dc00000, 0x000000008dd00000|  0%| F|  |TAMS 0x000000008dc00000, 0x000000008dc00000| Untracked 
| 221|0x000000008dd00000, 0x000000008dd00000, 0x000000008de00000|  0%| F|  |TAMS 0x000000008dd00000, 0x000000008dd00000| Untracked 
| 222|0x000000008de00000, 0x000000008deb95d0, 0x000000008df00000| 72%| E|  |TAMS 0x000000008de00000, 0x000000008de00000| Complete 
| 223|0x000000008df00000, 0x000000008e000000, 0x000000008e000000|100%| E|CS|TAMS 0x000000008df00000, 0x000000008df00000| Complete 
| 224|0x000000008e000000, 0x000000008e100000, 0x000000008e100000|100%| E|CS|TAMS 0x000000008e000000, 0x000000008e000000| Complete 
| 225|0x000000008e100000, 0x000000008e1ffff8, 0x000000008e200000| 99%| E|CS|TAMS 0x000000008e100000, 0x000000008e100000| Complete 
| 226|0x000000008e200000, 0x000000008e300000, 0x000000008e300000|100%| E|CS|TAMS 0x000000008e200000, 0x000000008e200000| Complete 
| 227|0x000000008e300000, 0x000000008e400000, 0x000000008e400000|100%| E|CS|TAMS 0x000000008e300000, 0x000000008e300000| Complete 
| 228|0x000000008e400000, 0x000000008e500000, 0x000000008e500000|100%| E|CS|TAMS 0x000000008e400000, 0x000000008e400000| Complete 
| 229|0x000000008e500000, 0x000000008e600000, 0x000000008e600000|100%| E|CS|TAMS 0x000000008e500000, 0x000000008e500000| Complete 
| 230|0x000000008e600000, 0x000000008e700000, 0x000000008e700000|100%| E|CS|TAMS 0x000000008e600000, 0x000000008e600000| Complete 
| 231|0x000000008e700000, 0x000000008e800000, 0x000000008e800000|100%| E|CS|TAMS 0x000000008e700000, 0x000000008e700000| Complete 
| 232|0x000000008e800000, 0x000000008e900000, 0x000000008e900000|100%| E|CS|TAMS 0x000000008e800000, 0x000000008e800000| Complete 
| 233|0x000000008e900000, 0x000000008ea00000, 0x000000008ea00000|100%| E|CS|TAMS 0x000000008e900000, 0x000000008e900000| Complete 
| 234|0x000000008ea00000, 0x000000008eb00000, 0x000000008eb00000|100%| E|CS|TAMS 0x000000008ea00000, 0x000000008ea00000| Complete 
| 235|0x000000008eb00000, 0x000000008ec00000, 0x000000008ec00000|100%| E|CS|TAMS 0x000000008eb00000, 0x000000008eb00000| Complete 
| 236|0x000000008ec00000, 0x000000008ed00000, 0x000000008ed00000|100%| E|CS|TAMS 0x000000008ec00000, 0x000000008ec00000| Complete 
| 237|0x000000008ed00000, 0x000000008ee00000, 0x000000008ee00000|100%| E|CS|TAMS 0x000000008ed00000, 0x000000008ed00000| Complete 
| 238|0x000000008ee00000, 0x000000008ef00000, 0x000000008ef00000|100%| E|CS|TAMS 0x000000008ee00000, 0x000000008ee00000| Complete 
| 239|0x000000008ef00000, 0x000000008f000000, 0x000000008f000000|100%| E|CS|TAMS 0x000000008ef00000, 0x000000008ef00000| Complete 
| 240|0x000000008f000000, 0x000000008f100000, 0x000000008f100000|100%| E|CS|TAMS 0x000000008f000000, 0x000000008f000000| Complete 
| 241|0x000000008f100000, 0x000000008f200000, 0x000000008f200000|100%| E|CS|TAMS 0x000000008f100000, 0x000000008f100000| Complete 
| 242|0x000000008f200000, 0x000000008f300000, 0x000000008f300000|100%| E|CS|TAMS 0x000000008f200000, 0x000000008f200000| Complete 
| 243|0x000000008f300000, 0x000000008f400000, 0x000000008f400000|100%| E|CS|TAMS 0x000000008f300000, 0x000000008f300000| Complete 
| 244|0x000000008f400000, 0x000000008f500000, 0x000000008f500000|100%| E|CS|TAMS 0x000000008f400000, 0x000000008f400000| Complete 
| 245|0x000000008f500000, 0x000000008f600000, 0x000000008f600000|100%| E|CS|TAMS 0x000000008f500000, 0x000000008f500000| Complete 
| 246|0x000000008f600000, 0x000000008f700000, 0x000000008f700000|100%| E|CS|TAMS 0x000000008f600000, 0x000000008f600000| Complete 
| 247|0x000000008f700000, 0x000000008f800000, 0x000000008f800000|100%| E|CS|TAMS 0x000000008f700000, 0x000000008f700000| Complete 

Card table byte_map: [0x000001e8d5520000,0x000001e8d5920000] _byte_map_base: 0x000001e8d5120000

Marking Bits (Prev, Next): (CMBitMap*) 0x000001e8c230ed80, (CMBitMap*) 0x000001e8c230ed48
 Prev Bits: [0x000001e8d7d20000, 0x000001e8d9d20000)
 Next Bits: [0x000001e8d5d20000, 0x000001e8d7d20000)

Polling page: 0x000001e8c1ab0000

Metaspace:

Usage:
  Non-class:     84.02 MB capacity,    82.41 MB ( 98%) used,     1.31 MB (  2%) free+waste,   304.50 KB ( <1%) overhead. 
      Class:     13.13 MB capacity,    12.18 MB ( 93%) used,   837.98 KB (  6%) free+waste,   137.00 KB (  1%) overhead. 
       Both:     97.16 MB capacity,    94.59 MB ( 97%) used,     2.13 MB (  2%) free+waste,   441.50 KB ( <1%) overhead. 

Virtual space:
  Non-class space:       86.00 MB reserved,      84.13 MB ( 98%) committed 
      Class space:        1.00 GB reserved,      13.20 MB (  1%) committed 
             Both:        1.08 GB reserved,      97.33 MB (  9%) committed 

Chunk freelists:
   Non-Class:  44.00 KB
       Class:  0 bytes
        Both:  44.00 KB

MaxMetaspaceSize: 17179869184.00 GB
CompressedClassSpaceSize: 1.00 GB
Initial GC threshold: 20.80 MB
Current GC threshold: 98.88 MB
CDS: off

CodeHeap 'non-profiled nmethods': size=120000Kb used=7524Kb max_used=7524Kb free=112475Kb
 bounds [0x000001e8cd8c0000, 0x000001e8ce020000, 0x000001e8d4df0000]
CodeHeap 'profiled nmethods': size=120000Kb used=26181Kb max_used=26181Kb free=93818Kb
 bounds [0x000001e8c6390000, 0x000001e8c7d30000, 0x000001e8cd8c0000]
CodeHeap 'non-nmethods': size=5760Kb used=2410Kb max_used=2436Kb free=3349Kb
 bounds [0x000001e8c5df0000, 0x000001e8c6060000, 0x000001e8c6390000]
 total_blobs=12949 nmethods=12032 adapters=826
 compilation: enabled
              stopped_count=0, restarted_count=0
 full_count=0

Compilation events (20 events):
Event: 41.983 Thread 0x000001e8dd089800 12082       2       java.util.concurrent.ConcurrentHashMap::get (162 bytes)
Event: 41.984 Thread 0x000001e8dd089800 nmethod 12082 0x000001e8c7d0ea10 code [0x000001e8c7d0ec20, 0x000001e8c7d0f1b8]
Event: 41.984 Thread 0x000001e8dd089800 12080       3       org.gradle.internal.execution.steps.ResolveCachingStateStep$2::getAfterExecutionState (10 bytes)
Event: 41.985 Thread 0x000001e8dd089800 nmethod 12080 0x000001e8c7d0f490 code [0x000001e8c7d0f640, 0x000001e8c7d0f808]
Event: 41.985 Thread 0x000001e8dd089800 12086       3       org.gradle.internal.execution.steps.SkipUpToDateStep$1::getAfterExecutionState (8 bytes)
Event: 41.985 Thread 0x000001e8dd089800 nmethod 12086 0x000001e8c7d0f910 code [0x000001e8c7d0fb00, 0x000001e8c7d0ff28]
Event: 41.985 Thread 0x000001e8dd089800 12083       3       org.gradle.api.internal.artifacts.transform.DefaultTransformerInvocationFactory$AbstractTransformerExecution$$Lambda$1188/0x0000000100c04840::get (8 bytes)
Event: 41.986 Thread 0x000001e8dd089800 nmethod 12083 0x000001e8c7d10110 code [0x000001e8c7d10300, 0x000001e8c7d10768]
Event: 41.986 Thread 0x000001e8dd089800 12084       3       org.gradle.internal.execution.UnitOfWork::validate (1 bytes)
Event: 41.986 Thread 0x000001e8dd089800 nmethod 12084 0x000001e8c7d10910 code [0x000001e8c7d10ac0, 0x000001e8c7d10bb8]
Event: 41.986 Thread 0x000001e8dd089800 12081       3       org.gradle.api.internal.artifacts.transform.DefaultTransformerInvocationFactory$AbstractTransformerExecution::lambda$visitRegularInputs$2 (21 bytes)
Event: 41.986 Thread 0x000001e8dd089800 nmethod 12081 0x000001e8c7d10c90 code [0x000001e8c7d10ea0, 0x000001e8c7d11648]
Event: 41.987 Thread 0x000001e8dd089800 12087       3       org.gradle.internal.execution.history.changes.IncrementalInputProperties$1::incrementalChanges (4 bytes)
Event: 41.987 Thread 0x000001e8dd089800 nmethod 12087 0x000001e8c7d11910 code [0x000001e8c7d11ac0, 0x000001e8c7d11bd8]
Event: 41.990 Thread 0x000001e8dd089800 12088       3       org.gradle.internal.execution.workspace.impl.DefaultImmutableWorkspaceProvider::withWorkspace (18 bytes)
Event: 41.991 Thread 0x000001e8dd089800 nmethod 12088 0x000001e8c7d11c90 code [0x000001e8c7d11ea0, 0x000001e8c7d124e8]
Event: 41.991 Thread 0x000001e8dd089800 12090       2       org.gradle.cache.internal.DefaultCacheAccess::withFileLock (9 bytes)
Event: 41.991 Thread 0x000001e8dd089800 nmethod 12090 0x000001e8c7d12710 code [0x000001e8c7d128c0, 0x000001e8c7d129e8]
Event: 41.993 Thread 0x000001e8dd089800 12091       2       org.gradle.cache.internal.DefaultPersistentDirectoryStore::withFileLock (11 bytes)
Event: 41.993 Thread 0x000001e8dd089800 nmethod 12091 0x000001e8c7d12a90 code [0x000001e8c7d12c40, 0x000001e8c7d12d68]

GC Heap History (20 events):
Event: 13.243 GC heap before
{Heap before GC invocations=5 (full 0):
 garbage-first heap   total 253952K, used 22229K [0x0000000080000000, 0x0000000100000000)
  region size 1024K, 6 young (6144K), 5 survivors (5120K)
 Metaspace       used 35094K, capacity 35863K, committed 36048K, reserved 1081344K
  class space    used 4515K, capacity 4825K, committed 4940K, reserved 1048576K
}
Event: 13.261 GC heap after
{Heap after GC invocations=6 (full 0):
 garbage-first heap   total 253952K, used 22574K [0x0000000080000000, 0x0000000100000000)
  region size 1024K, 6 young (6144K), 6 survivors (6144K)
 Metaspace       used 35094K, capacity 35863K, committed 36048K, reserved 1081344K
  class space    used 4515K, capacity 4825K, committed 4940K, reserved 1048576K
}
Event: 18.239 GC heap before
{Heap before GC invocations=7 (full 0):
 garbage-first heap   total 253952K, used 116782K [0x0000000080000000, 0x0000000100000000)
  region size 1024K, 96 young (98304K), 6 survivors (6144K)
 Metaspace       used 43308K, capacity 44356K, committed 44496K, reserved 1087488K
  class space    used 5562K, capacity 5959K, committed 5964K, reserved 1048576K
}
Event: 18.253 GC heap after
{Heap after GC invocations=8 (full 0):
 garbage-first heap   total 253952K, used 29130K [0x0000000080000000, 0x0000000100000000)
  region size 1024K, 12 young (12288K), 12 survivors (12288K)
 Metaspace       used 43308K, capacity 44356K, committed 44496K, reserved 1087488K
  class space    used 5562K, capacity 5959K, committed 5964K, reserved 1048576K
}
Event: 22.632 GC heap before
{Heap before GC invocations=8 (full 0):
 garbage-first heap   total 253952K, used 132554K [0x0000000080000000, 0x0000000100000000)
  region size 1024K, 113 young (115712K), 12 survivors (12288K)
 Metaspace       used 49371K, capacity 50727K, committed 51024K, reserved 1093632K
  class space    used 6288K, capacity 6799K, committed 6860K, reserved 1048576K
}
Event: 22.654 GC heap after
{Heap after GC invocations=9 (full 0):
 garbage-first heap   total 253952K, used 33200K [0x0000000080000000, 0x0000000100000000)
  region size 1024K, 11 young (11264K), 11 survivors (11264K)
 Metaspace       used 49371K, capacity 50727K, committed 51024K, reserved 1093632K
  class space    used 6288K, capacity 6799K, committed 6860K, reserved 1048576K
}
Event: 27.716 GC heap before
{Heap before GC invocations=9 (full 0):
 garbage-first heap   total 253952K, used 135600K [0x0000000080000000, 0x0000000100000000)
  region size 1024K, 104 young (106496K), 11 survivors (11264K)
 Metaspace       used 58749K, capacity 60382K, committed 60496K, reserved 1101824K
  class space    used 7466K, capacity 8080K, committed 8140K, reserved 1048576K
}
Event: 27.753 GC heap after
{Heap after GC invocations=10 (full 0):
 garbage-first heap   total 253952K, used 51939K [0x0000000080000000, 0x0000000100000000)
  region size 1024K, 15 young (15360K), 15 survivors (15360K)
 Metaspace       used 58749K, capacity 60382K, committed 60496K, reserved 1101824K
  class space    used 7466K, capacity 8080K, committed 8140K, reserved 1048576K
}
Event: 32.295 GC heap before
{Heap before GC invocations=11 (full 0):
 garbage-first heap   total 253952K, used 164579K [0x0000000080000000, 0x0000000100000000)
  region size 1024K, 118 young (120832K), 15 survivors (15360K)
 Metaspace       used 68470K, capacity 70259K, committed 70480K, reserved 1110016K
  class space    used 8701K, capacity 9345K, committed 9420K, reserved 1048576K
}
Event: 32.313 GC heap after
{Heap after GC invocations=12 (full 0):
 garbage-first heap   total 253952K, used 59321K [0x0000000080000000, 0x0000000100000000)
  region size 1024K, 8 young (8192K), 8 survivors (8192K)
 Metaspace       used 68470K, capacity 70259K, committed 70480K, reserved 1110016K
  class space    used 8701K, capacity 9345K, committed 9420K, reserved 1048576K
}
Event: 34.302 GC heap before
{Heap before GC invocations=12 (full 0):
 garbage-first heap   total 253952K, used 166841K [0x0000000080000000, 0x0000000100000000)
  region size 1024K, 113 young (115712K), 8 survivors (8192K)
 Metaspace       used 75405K, capacity 77339K, committed 77520K, reserved 1116160K
  class space    used 9762K, capacity 10459K, committed 10572K, reserved 1048576K
}
Event: 34.315 GC heap after
{Heap after GC invocations=13 (full 0):
 garbage-first heap   total 253952K, used 66068K [0x0000000080000000, 0x0000000100000000)
  region size 1024K, 15 young (15360K), 15 survivors (15360K)
 Metaspace       used 75405K, capacity 77339K, committed 77520K, reserved 1116160K
  class space    used 9762K, capacity 10459K, committed 10572K, reserved 1048576K
}
Event: 36.971 GC heap before
{Heap before GC invocations=13 (full 0):
 garbage-first heap   total 253952K, used 174612K [0x0000000080000000, 0x0000000100000000)
  region size 1024K, 121 young (123904K), 15 survivors (15360K)
 Metaspace       used 84831K, capacity 86948K, committed 87248K, reserved 1124352K
  class space    used 11023K, capacity 11762K, committed 11852K, reserved 1048576K
}
Event: 36.992 GC heap after
{Heap after GC invocations=14 (full 0):
 garbage-first heap   total 253952K, used 74013K [0x0000000080000000, 0x0000000100000000)
  region size 1024K, 16 young (16384K), 16 survivors (16384K)
 Metaspace       used 84831K, capacity 86948K, committed 87248K, reserved 1124352K
  class space    used 11023K, capacity 11762K, committed 11852K, reserved 1048576K
}
Event: 38.653 GC heap before
{Heap before GC invocations=14 (full 0):
 garbage-first heap   total 253952K, used 181533K [0x0000000080000000, 0x0000000100000000)
  region size 1024K, 122 young (124928K), 16 survivors (16384K)
 Metaspace       used 87683K, capacity 90240K, committed 90448K, reserved 1128448K
  class space    used 11456K, capacity 12371K, committed 12492K, reserved 1048576K
}
Event: 38.680 GC heap after
{Heap after GC invocations=15 (full 0):
 garbage-first heap   total 253952K, used 82204K [0x0000000080000000, 0x0000000100000000)
  region size 1024K, 16 young (16384K), 16 survivors (16384K)
 Metaspace       used 87683K, capacity 90240K, committed 90448K, reserved 1128448K
  class space    used 11456K, capacity 12371K, committed 12492K, reserved 1048576K
}
Event: 40.232 GC heap before
{Heap before GC invocations=15 (full 0):
 garbage-first heap   total 253952K, used 187676K [0x0000000080000000, 0x0000000100000000)
  region size 1024K, 120 young (122880K), 16 survivors (16384K)
 Metaspace       used 91449K, capacity 94015K, committed 94032K, reserved 1130496K
  class space    used 11809K, capacity 12740K, committed 12748K, reserved 1048576K
}
Event: 40.260 GC heap after
{Heap after GC invocations=16 (full 0):
 garbage-first heap   total 253952K, used 89059K [0x0000000080000000, 0x0000000100000000)
  region size 1024K, 15 young (15360K), 15 survivors (15360K)
 Metaspace       used 91449K, capacity 94015K, committed 94032K, reserved 1130496K
  class space    used 11809K, capacity 12740K, committed 12748K, reserved 1048576K
}
Event: 41.891 GC heap before
{Heap before GC invocations=16 (full 0):
 garbage-first heap   total 253952K, used 193507K [0x0000000080000000, 0x0000000100000000)
  region size 1024K, 118 young (120832K), 15 survivors (15360K)
 Metaspace       used 96822K, capacity 99415K, committed 99664K, reserved 1136640K
  class space    used 12471K, capacity 13447K, committed 13516K, reserved 1048576K
}
Event: 41.913 GC heap after
{Heap after GC invocations=17 (full 0):
 garbage-first heap   total 253952K, used 93883K [0x0000000080000000, 0x0000000100000000)
  region size 1024K, 12 young (12288K), 12 survivors (12288K)
 Metaspace       used 96822K, capacity 99415K, committed 99664K, reserved 1136640K
  class space    used 12471K, capacity 13447K, committed 13516K, reserved 1048576K
}

Deoptimization events (20 events):
Event: 41.982 Thread 0x000001e8e4433000 DEOPT PACKING pc=0x000001e8cdf307a4 sp=0x0000006b690fb000
Event: 41.982 Thread 0x000001e8e4433000 DEOPT UNPACKING pc=0x000001e8c5e3a1af sp=0x0000006b690faf58 mode 2
Event: 41.982 Thread 0x000001e8e4433000 Uncommon trap: trap_request=0xffffffde fr.pc=0x000001e8cdf307a4 relative=0x0000000000000264
Event: 41.982 Thread 0x000001e8e4433000 Uncommon trap: reason=class_check action=maybe_recompile pc=0x000001e8cdf307a4 method=java.util.concurrent.ConcurrentHashMap.get(Ljava/lang/Object;)Ljava/lang/Object; @ 93 c2
Event: 41.982 Thread 0x000001e8e4433000 DEOPT PACKING pc=0x000001e8cdf307a4 sp=0x0000006b690fb000
Event: 41.982 Thread 0x000001e8e4433000 DEOPT UNPACKING pc=0x000001e8c5e3a1af sp=0x0000006b690faf58 mode 2
Event: 41.982 Thread 0x000001e8e4433000 Uncommon trap: trap_request=0xffffffde fr.pc=0x000001e8cdf307a4 relative=0x0000000000000264
Event: 41.982 Thread 0x000001e8e4433000 Uncommon trap: reason=class_check action=maybe_recompile pc=0x000001e8cdf307a4 method=java.util.concurrent.ConcurrentHashMap.get(Ljava/lang/Object;)Ljava/lang/Object; @ 93 c2
Event: 41.982 Thread 0x000001e8e4433000 DEOPT PACKING pc=0x000001e8cdf307a4 sp=0x0000006b690fb000
Event: 41.982 Thread 0x000001e8e4433000 DEOPT UNPACKING pc=0x000001e8c5e3a1af sp=0x0000006b690faf58 mode 2
Event: 41.982 Thread 0x000001e8e4433000 Uncommon trap: trap_request=0xffffffde fr.pc=0x000001e8cdf307a4 relative=0x0000000000000264
Event: 41.982 Thread 0x000001e8e4433000 Uncommon trap: reason=class_check action=maybe_recompile pc=0x000001e8cdf307a4 method=java.util.concurrent.ConcurrentHashMap.get(Ljava/lang/Object;)Ljava/lang/Object; @ 93 c2
Event: 41.982 Thread 0x000001e8e4433000 DEOPT PACKING pc=0x000001e8cdf307a4 sp=0x0000006b690fb000
Event: 41.982 Thread 0x000001e8e4433000 DEOPT UNPACKING pc=0x000001e8c5e3a1af sp=0x0000006b690faf58 mode 2
Event: 41.985 Thread 0x000001e8dfaf1800 DEOPT PACKING pc=0x000001e8c77456f6 sp=0x0000006b645fddc0
Event: 41.985 Thread 0x000001e8dfaf1800 DEOPT UNPACKING pc=0x000001e8c5e3a95e sp=0x0000006b645fd2f8 mode 0
Event: 41.987 Thread 0x000001e8dfc07800 Uncommon trap: trap_request=0xffffff4d fr.pc=0x000001e8cdc364ec relative=0x000000000000030c
Event: 41.987 Thread 0x000001e8dfc07800 Uncommon trap: reason=unstable_if action=reinterpret pc=0x000001e8cdc364ec method=java.util.concurrent.ConcurrentHashMap.addCount(JI)V @ 168 c2
Event: 41.987 Thread 0x000001e8dfc07800 DEOPT PACKING pc=0x000001e8cdc364ec sp=0x0000006b670fe110
Event: 41.987 Thread 0x000001e8dfc07800 DEOPT UNPACKING pc=0x000001e8c5e3a1af sp=0x0000006b670fe050 mode 2

Classes redefined (0 events):
No events

Internal exceptions (20 events):
Event: 37.264 Thread 0x000001e8e4432000 Exception <a 'java/lang/NoSuchMethodError'{0x000000008eb9f740}: 'int java.lang.invoke.DirectMethodHandle$Holder.invokeSpecial(java.lang.Object, java.lang.Object, java.lang.Object, java.lang.Object, java.lang.Object)'> (0x000000008eb9f740) thrown at [./src/hotspot/share/interpreter/linkResolver.cpp, line 773]
Event: 37.733 Thread 0x000001e8e4433000 Exception <a 'java/lang/NoSuchMethodError'{0x000000008de6b630}: 'void java.lang.invoke.DirectMethodHandle$Holder.invokeStatic(java.lang.Object, java.lang.Object, java.lang.Object, java.lang.Object, int, java.lang.Object, java.lang.Object)'> (0x000000008de6b630) thrown at [./src/hotspot/share/interpreter/linkResolver.cpp, line 773]
Event: 37.802 Thread 0x000001e8dd63a800 Exception <a 'java/lang/NoSuchMethodError'{0x000000008d2ec5f8}: 'java.lang.Object java.lang.invoke.DirectMethodHandle$Holder.invokeSpecialIFC(java.lang.Object, java.lang.Object, java.lang.Object)'> (0x000000008d2ec5f8) thrown at [./src/hotspot/share/interpreter/linkResolver.cpp, line 773]
Event: 37.802 Thread 0x000001e8e4433000 Exception <a 'java/lang/NoSuchMethodError'{0x000000008d2d76a0}: 'java.lang.Object java.lang.invoke.DirectMethodHandle$Holder.invokeSpecialIFC(java.lang.Object, java.lang.Object, java.lang.Object)'> (0x000000008d2d76a0) thrown at [./src/hotspot/share/interpreter/linkResolver.cpp, line 773]
Event: 37.802 Thread 0x000001e8dfbfe800 Exception <a 'java/lang/NoSuchMethodError'{0x000000008d152668}: 'java.lang.Object java.lang.invoke.DirectMethodHandle$Holder.invokeSpecialIFC(java.lang.Object, java.lang.Object, java.lang.Object)'> (0x000000008d152668) thrown at [./src/hotspot/share/interpreter/linkResolver.cpp, line 773]
Event: 37.802 Thread 0x000001e8dd631800 Exception <a 'java/lang/NoSuchMethodError'{0x000000008d2b02c8}: 'java.lang.Object java.lang.invoke.DirectMethodHandle$Holder.invokeSpecialIFC(java.lang.Object, java.lang.Object, java.lang.Object)'> (0x000000008d2b02c8) thrown at [./src/hotspot/share/interpreter/linkResolver.cpp, line 773]
Event: 37.802 Thread 0x000001e8dfaf1800 Exception <a 'java/lang/NoSuchMethodError'{0x000000008d12c018}: 'java.lang.Object java.lang.invoke.DirectMethodHandle$Holder.invokeSpecialIFC(java.lang.Object, java.lang.Object, java.lang.Object)'> (0x000000008d12c018) thrown at [./src/hotspot/share/interpreter/linkResolver.cpp, line 773]
Event: 37.802 Thread 0x000001e8dfaf2800 Exception <a 'java/lang/NoSuchMethodError'{0x000000008d104268}: 'java.lang.Object java.lang.invoke.DirectMethodHandle$Holder.invokeSpecialIFC(java.lang.Object, java.lang.Object, java.lang.Object)'> (0x000000008d104268) thrown at [./src/hotspot/share/interpreter/linkResolver.cpp, line 773]
Event: 37.802 Thread 0x000001e8e0562000 Exception <a 'java/lang/NoSuchMethodError'{0x000000008d248778}: 'java.lang.Object java.lang.invoke.DirectMethodHandle$Holder.invokeSpecialIFC(java.lang.Object, java.lang.Object, java.lang.Object)'> (0x000000008d248778) thrown at [./src/hotspot/share/interpreter/linkResolver.cpp, line 773]
Event: 37.802 Thread 0x000001e8dfaf3800 Exception <a 'java/lang/NoSuchMethodError'{0x000000008d29d658}: 'java.lang.Object java.lang.invoke.DirectMethodHandle$Holder.invokeSpecialIFC(java.lang.Object, java.lang.Object, java.lang.Object)'> (0x000000008d29d658) thrown at [./src/hotspot/share/interpreter/linkResolver.cpp, line 773]
Event: 38.165 Thread 0x000001e8dd63a800 Exception <a 'java/lang/NoSuchMethodError'{0x000000008b4d05f8}: 'void java.lang.invoke.DirectMethodHandle$Holder.invokeVirtual(java.lang.Object, java.lang.Object)'> (0x000000008b4d05f8) thrown at [./src/hotspot/share/interpreter/linkResolver.cpp, line 773]
Event: 38.792 Thread 0x000001e8e4437000 Exception <a 'java/lang/NoSuchMethodError'{0x000000008e9e6bc8}: 'void java.lang.invoke.DirectMethodHandle$Holder.invokeInterface(java.lang.Object, java.lang.Object, java.lang.Object, java.lang.Object)'> (0x000000008e9e6bc8) thrown at [./src/hotspot/share/interpreter/linkResolver.cpp, line 773]
Event: 39.936 Thread 0x000001e8e4437000 Exception <a 'java/lang/reflect/InvocationTargetException'{0x000000008ad00f80}> (0x000000008ad00f80) thrown at [./src/hotspot/share/runtime/reflection.cpp, line 1247]
Event: 39.973 Thread 0x000001e8de5fc000 Exception <a 'java/lang/NoSuchMethodError'{0x000000008ab08f30}: <clinit>> (0x000000008ab08f30) thrown at [./src/hotspot/share/prims/jni.cpp, line 1366]
Event: 39.977 Thread 0x000001e8de5fc000 Exception <a 'java/lang/NoSuchMethodError'{0x000000008ab63ab8}: <clinit>> (0x000000008ab63ab8) thrown at [./src/hotspot/share/prims/jni.cpp, line 1366]
Event: 39.980 Thread 0x000001e8de5fc000 Exception <a 'java/lang/NoSuchMethodError'{0x000000008ab738a0}: <clinit>> (0x000000008ab738a0) thrown at [./src/hotspot/share/prims/jni.cpp, line 1366]
Event: 40.426 Thread 0x000001e8e4437000 Implicit null exception at 0x000001e8cdf5de80 to 0x000001e8cdf5dff0
Event: 40.428 Thread 0x000001e8e4437000 Implicit null exception at 0x000001e8cdf5d5de to 0x000001e8cdf5d724
Event: 40.736 Thread 0x000001e8e4437000 Implicit null exception at 0x000001e8cdc60194 to 0x000001e8cdc6075c
Event: 40.930 Thread 0x000001e8e4437000 Exception <a 'java/lang/NoSuchMethodError'{0x000000008d150f00}: 'java.lang.Object java.lang.invoke.DirectMethodHandle$Holder.newInvokeSpecial(java.lang.Object, java.lang.Object, java.lang.Object, java.lang.Object)'> (0x000000008d150f00) thrown at [./src/hotspot/share/interpreter/linkResolver.cpp, line 773]

Events (20 events):
Event: 41.825 loading class org/gradle/workers/internal/NoIsolationWorkerFactory$1$1 done
Event: 41.829 loading class org/gradle/workers/internal/SimpleActionExecutionSpec
Event: 41.829 loading class org/gradle/workers/internal/SimpleActionExecutionSpec done
Event: 41.831 loading class org/gradle/api/specs/Spec
Event: 41.831 loading class org/gradle/api/specs/Spec done
Event: 41.833 loading class kotlin/jvm/JvmDefault
Event: 41.833 loading class kotlin/jvm/JvmDefault done
Event: 41.833 loading class kotlin/jvm/JvmDefault
Event: 41.833 loading class kotlin/jvm/JvmDefault done
Event: 41.837 Executing VM operation: RevokeBias
Event: 41.838 Executing VM operation: RevokeBias done
Event: 41.843 loading class com/android/build/gradle/tasks/XmlDocumentUtilsKt
Event: 41.843 loading class com/android/build/gradle/tasks/XmlDocumentUtilsKt done
Event: 41.845 Thread 0x000001e8e0180000 Thread added: 0x000001e8e0180000
Event: 41.849 loading class org/gradle/internal/work/DefaultWorkerLeaseService$2
Event: 41.849 loading class org/gradle/internal/work/DefaultWorkerLeaseService$2 done
Event: 41.891 Executing VM operation: G1CollectForAllocation
Event: 41.913 Executing VM operation: G1CollectForAllocation done
Event: 41.955 loading class org/gradle/api/specs/OrSpec
Event: 41.955 loading class org/gradle/api/specs/OrSpec done


Dynamic libraries:
0x00007ff609ef0000 - 0x00007ff609efa000 	C:\Program Files\Android\Android Studio\jre\bin\java.exe
0x00007ffde1920000 - 0x00007ffde1b29000 	C:\WINDOWS\SYSTEM32\ntdll.dll
0x00007ffddfa90000 - 0x00007ffddfb4d000 	C:\WINDOWS\System32\KERNEL32.DLL
0x00007ffddf430000 - 0x00007ffddf7ac000 	C:\WINDOWS\System32\KERNELBASE.dll
0x00007ffddf310000 - 0x00007ffddf421000 	C:\WINDOWS\System32\ucrtbase.dll
0x00007ffdbcf00000 - 0x00007ffdbcf19000 	C:\Program Files\Android\Android Studio\jre\bin\jli.dll
0x00007ffde02c0000 - 0x00007ffde046d000 	C:\WINDOWS\System32\USER32.dll
0x00007ffddeec0000 - 0x00007ffddeee6000 	C:\WINDOWS\System32\win32u.dll
0x00007ffddfd80000 - 0x00007ffddfda9000 	C:\WINDOWS\System32\GDI32.dll
0x00007ffddeef0000 - 0x00007ffddf009000 	C:\WINDOWS\System32\gdi32full.dll
0x00007ffddf010000 - 0x00007ffddf0ad000 	C:\WINDOWS\System32\msvcp_win.dll
0x00007ffdbc520000 - 0x00007ffdbc537000 	C:\Program Files\Android\Android Studio\jre\bin\VCRUNTIME140.dll
0x00007ffdc46e0000 - 0x00007ffdc4985000 	C:\WINDOWS\WinSxS\amd64_microsoft.windows.common-controls_6595b64144ccf1df_6.0.22000.120_none_9d947278b86cc467\COMCTL32.dll
0x00007ffde0650000 - 0x00007ffde06f3000 	C:\WINDOWS\System32\msvcrt.dll
0x00007ffde0ec0000 - 0x00007ffde0ef1000 	C:\WINDOWS\System32\IMM32.DLL
0x00007ffd950c0000 - 0x00007ffd9515d000 	C:\Program Files\Android\Android Studio\jre\bin\msvcp140.dll
0x00007ffd540a0000 - 0x00007ffd54ba2000 	C:\Program Files\Android\Android Studio\jre\bin\server\jvm.dll
0x00007ffde0470000 - 0x00007ffde051e000 	C:\WINDOWS\System32\ADVAPI32.dll
0x00007ffddfdb0000 - 0x00007ffddfe4e000 	C:\WINDOWS\System32\sechost.dll
0x00007ffde0530000 - 0x00007ffde0650000 	C:\WINDOWS\System32\RPCRT4.dll
0x00007ffddfd10000 - 0x00007ffddfd18000 	C:\WINDOWS\System32\PSAPI.DLL
0x00007ffdc6720000 - 0x00007ffdc6729000 	C:\WINDOWS\SYSTEM32\WSOCK32.dll
0x00007ffddf9c0000 - 0x00007ffddfa2f000 	C:\WINDOWS\System32\WS2_32.dll
0x00007ffdd7800000 - 0x00007ffdd7833000 	C:\WINDOWS\SYSTEM32\WINMM.dll
0x00007ffdd1bb0000 - 0x00007ffdd1bba000 	C:\WINDOWS\SYSTEM32\VERSION.dll
0x00007ffdddfa0000 - 0x00007ffdddfb8000 	C:\WINDOWS\SYSTEM32\kernel.appcore.dll
0x00007ffdbea10000 - 0x00007ffdbea21000 	C:\Program Files\Android\Android Studio\jre\bin\verify.dll
0x00007ffddbf00000 - 0x00007ffddc121000 	C:\WINDOWS\SYSTEM32\DBGHELP.DLL
0x00007ffdbba80000 - 0x00007ffdbbab1000 	C:\WINDOWS\SYSTEM32\dbgcore.DLL
0x00007ffddf120000 - 0x00007ffddf19f000 	C:\WINDOWS\System32\bcryptPrimitives.dll
0x00007ffdbe9e0000 - 0x00007ffdbea09000 	C:\Program Files\Android\Android Studio\jre\bin\java.dll
0x00007ffdc3ec0000 - 0x00007ffdc3ecb000 	C:\Program Files\Android\Android Studio\jre\bin\jimage.dll
0x00007ffdae910000 - 0x00007ffdae928000 	C:\Program Files\Android\Android Studio\jre\bin\zip.dll
0x00007ffde0700000 - 0x00007ffde0eb8000 	C:\WINDOWS\System32\SHELL32.dll
0x00007ffddcee0000 - 0x00007ffddd748000 	C:\WINDOWS\SYSTEM32\windows.storage.dll
0x00007ffde1230000 - 0x00007ffde15a9000 	C:\WINDOWS\System32\combase.dll
0x00007ffddcd70000 - 0x00007ffddced6000 	C:\WINDOWS\SYSTEM32\wintypes.dll
0x00007ffddf870000 - 0x00007ffddf95a000 	C:\WINDOWS\System32\SHCORE.dll
0x00007ffddf960000 - 0x00007ffddf9bd000 	C:\WINDOWS\System32\shlwapi.dll
0x00007ffdded30000 - 0x00007ffdded51000 	C:\WINDOWS\SYSTEM32\profapi.dll
0x00007ffda4040000 - 0x00007ffda405a000 	C:\Program Files\Android\Android Studio\jre\bin\net.dll
0x00007ffdd8550000 - 0x00007ffdd865c000 	C:\WINDOWS\SYSTEM32\WINHTTP.dll
0x00007ffdde3c0000 - 0x00007ffdde427000 	C:\WINDOWS\system32\mswsock.dll
0x00007ffd9f5e0000 - 0x00007ffd9f5f4000 	C:\Program Files\Android\Android Studio\jre\bin\nio.dll
0x00007ffdae960000 - 0x00007ffdae987000 	C:\Users\Rehan\.gradle\native\e1d6ef7f7dcc3fd88c89a11ec53ec762bb8ba0a96d01ffa2cd45eb1d1d8dd5c5\windows-amd64\native-platform.dll
0x00007ffd89fd0000 - 0x00007ffd8a114000 	C:\Users\Rehan\.gradle\native\0d407fdbe67a94daf76414ababcb853783967236a71b16ec16e742cd7a986fd3\windows-amd64\native-platform-file-events.dll
0x00007ffdc3e80000 - 0x00007ffdc3e8a000 	C:\Program Files\Android\Android Studio\jre\bin\management.dll
0x00007ffdc2cb0000 - 0x00007ffdc2cbd000 	C:\Program Files\Android\Android Studio\jre\bin\management_ext.dll
0x00007ffdde6a0000 - 0x00007ffdde6b8000 	C:\WINDOWS\SYSTEM32\CRYPTSP.dll
0x00007ffdddf00000 - 0x00007ffdddf35000 	C:\WINDOWS\system32\rsaenh.dll
0x00007ffdde460000 - 0x00007ffdde489000 	C:\WINDOWS\SYSTEM32\USERENV.dll
0x00007ffdde7e0000 - 0x00007ffdde807000 	C:\WINDOWS\SYSTEM32\bcrypt.dll
0x00007ffdde5b0000 - 0x00007ffdde5bc000 	C:\WINDOWS\SYSTEM32\CRYPTBASE.dll
0x00007ffddda90000 - 0x00007ffdddabd000 	C:\WINDOWS\SYSTEM32\IPHLPAPI.DLL
0x00007ffde0520000 - 0x00007ffde0529000 	C:\WINDOWS\System32\NSI.dll
0x00007ffdd8180000 - 0x00007ffdd8199000 	C:\WINDOWS\SYSTEM32\dhcpcsvc6.DLL
0x00007ffdd9130000 - 0x00007ffdd914e000 	C:\WINDOWS\SYSTEM32\dhcpcsvc.DLL
0x00007ffdddb00000 - 0x00007ffdddbe8000 	C:\WINDOWS\SYSTEM32\DNSAPI.dll

dbghelp: loaded successfully - version: 4.0.5 - missing functions: none
symbol engine: initialized successfully - sym options: 0x614 - pdb path: .;C:\Program Files\Android\Android Studio\jre\bin;C:\WINDOWS\SYSTEM32;C:\WINDOWS\WinSxS\amd64_microsoft.windows.common-controls_6595b64144ccf1df_6.0.22000.120_none_9d947278b86cc467;C:\Program Files\Android\Android Studio\jre\bin\server;C:\Users\Rehan\.gradle\native\e1d6ef7f7dcc3fd88c89a11ec53ec762bb8ba0a96d01ffa2cd45eb1d1d8dd5c5\windows-amd64;C:\Users\Rehan\.gradle\native\0d407fdbe67a94daf76414ababcb853783967236a71b16ec16e742cd7a986fd3\windows-amd64

VM Arguments:
jvm_args: --add-opens=java.base/java.util=ALL-UNNAMED --add-opens=java.base/java.lang=ALL-UNNAMED --add-opens=java.base/java.lang.invoke=ALL-UNNAMED --add-opens=java.base/java.util=ALL-UNNAMED --add-opens=java.prefs/java.util.prefs=ALL-UNNAMED --add-opens=java.prefs/java.util.prefs=ALL-UNNAMED --add-opens=java.base/java.nio.charset=ALL-UNNAMED --add-opens=java.base/java.net=ALL-UNNAMED --add-opens=java.base/java.util.concurrent.atomic=ALL-UNNAMED -Xmx2048m -Dfile.encoding=UTF-8 -Duser.country=US -Duser.language=en -Duser.variant 
java_command: org.gradle.launcher.daemon.bootstrap.GradleDaemon 7.5
java_class_path (initial): C:\Users\Rehan\.gradle\wrapper\dists\gradle-7.5-bin\f1w0cc9nuo0eivz97x2xlu9sv\gradle-7.5\lib\gradle-launcher-7.5.jar
Launcher Type: SUN_STANDARD

[Global flags]
     intx CICompilerCount                          = 4                                         {product} {ergonomic}
     uint ConcGCThreads                            = 2                                         {product} {ergonomic}
     uint G1ConcRefinementThreads                  = 8                                         {product} {ergonomic}
   size_t G1HeapRegionSize                         = 1048576                                   {product} {ergonomic}
    uintx GCDrainStackTargetSize                   = 64                                        {product} {ergonomic}
   size_t InitialHeapSize                          = 260046848                                 {product} {ergonomic}
   size_t MarkStackSize                            = 4194304                                   {product} {ergonomic}
   size_t MaxHeapSize                              = 2147483648                                {product} {command line}
   size_t MaxNewSize                               = 1287651328                                {product} {ergonomic}
   size_t MinHeapDeltaBytes                        = 1048576                                   {product} {ergonomic}
    uintx NonNMethodCodeHeapSize                   = 5836300                                {pd product} {ergonomic}
    uintx NonProfiledCodeHeapSize                  = 122910970                              {pd product} {ergonomic}
    uintx ProfiledCodeHeapSize                     = 122910970                              {pd product} {ergonomic}
    uintx ReservedCodeCacheSize                    = 251658240                              {pd product} {ergonomic}
     bool SegmentedCodeCache                       = true                                      {product} {ergonomic}
     bool UseCompressedClassPointers               = true                                 {lp64_product} {ergonomic}
     bool UseCompressedOops                        = true                                 {lp64_product} {ergonomic}
     bool UseG1GC                                  = true                                      {product} {ergonomic}
     bool UseLargePagesIndividualAllocation        = false                                  {pd product} {ergonomic}

Logging:
Log output configuration:
 #0: stdout all=warning uptime,level,tags
 #1: stderr all=off uptime,level,tags

Environment Variables:
JAVA_HOME=C:\Program Files\Android\Android Studio\jre
PATH=C:\Program Files\Eclipse Adoptium\jre-17.0.2.8-hotspot\bin;C:\Program Files\Eclipse Adoptium\jdk-17.0.2.8-hotspot\bin;C:\Program Files\Eclipse Adoptium\jre-11.0.14.101-hotspot\bin;C:\Program Files\Eclipse Adoptium\jdk-11.0.14.101-hotspot\bin;C:\WINDOWS\system32;C:\WINDOWS;C:\WINDOWS\System32\Wbem;C:\WINDOWS\System32\WindowsPowerShell\v1.0\;C:\WINDOWS\System32\OpenSSH\;C:\Program Files\Git\cmd;C:\flutter\bin;C:\Program Files\Git\bin;C:\Program Files\nodejs\;C:\Program Files\Eclipse Adoptium\jdk-11.0.14.101-hotspot;C:\Users\Rehan\AppData\Local\Microsoft\WindowsApps;C:\Users\Rehan\AppData\Local\JetBrains\IntelliJ IDEA Community Edition 2022.1.2\bin;C:\Users\Rehan\AppData\Local\atom\bin;C:\Users\Rehan\AppData\Local\GitHubDesktop\bin;C:\Users\Rehan\AppData\Local\Programs\Microsoft VS Code\bin;C:\Program Files (x86)\Brackets\;C:\Users\Rehan\AppData\Roaming\npm;C:\Users\Rehan\AppData\Local\gitkraken\bin;C:\Program Files\Microsoft Office\root\Client
USERNAME=Rehan
OS=Windows_NT
PROCESSOR_IDENTIFIER=Intel64 Family 6 Model 142 Stepping 12, GenuineIntel



---------------  S Y S T E M  ---------------

OS: Windows 11 , 64 bit Build 22000 (10.0.22000.708)
OS uptime: 28 days 22:19 hours
Hyper-V role detected

CPU:total 8 (initial active 8) (4 cores per cpu, 2 threads per core) family 6 model 142 stepping 12 microcode 0xf0, cmov, cx8, fxsr, mmx, sse, sse2, sse3, ssse3, sse4.1, sse4.2, popcnt, avx, avx2, aes, clmul, erms, 3dnowpref, lzcnt, ht, tsc, tscinvbit, bmi1, bmi2, adx, fma

Memory: 4k page, system-wide physical 15773M (736M free)
TotalPageFile size 19869M (AvailPageFile size 5M)
current process WorkingSet (physical memory assigned to process): 496M, peak: 498M
current process commit charge ("private bytes"): 571M, peak: 573M

vm_info: OpenJDK 64-Bit Server VM (11.0.13+0-b1751.21-8125866) for windows-amd64 JRE (11.0.13+0-b1751.21-8125866), built on Feb  2 2022 03:00:22 by "builder" with MS VC++ 14.0 (VS2015)

END.
